CRITICAL - 2023-06-04 03:48:55 --> Undefined variable $pemesanan
in APPPATH\Views\admin\pesan\index.php on line 23.
 1 APPPATH\Views\admin\pesan\index.php(23): CodeIgniter\Debug\Exceptions->errorHandler(2, 'Undefined variable $pemesanan', 'D:\\Kuliah\\Semester 8\\PA Falah\\alexanet_appv1\\app\\Views\\admin\\pesan\\index.php', 23)
 2 SYSTEMPATH\View\View.php(213): include('D:\\Kuliah\\Semester 8\\PA Falah\\alexanet_appv1\\app\\Views\\admin\\pesan\\index.php')
 3 SYSTEMPATH\View\View.php(216): CodeIgniter\View\View->CodeIgniter\View\{closure}()
 4 SYSTEMPATH\Common.php(1184): CodeIgniter\View\View->render('admin/pesan/index.php', [], true)
 5 APPPATH\Controllers\Pesan.php(23): view('admin/pesan/index.php', [...])
 6 SYSTEMPATH\CodeIgniter.php(934): App\Controllers\Pesan->index()
 7 SYSTEMPATH\CodeIgniter.php(499): CodeIgniter\CodeIgniter->runController(Object(App\Controllers\Pesan))
 8 SYSTEMPATH\CodeIgniter.php(368): CodeIgniter\CodeIgniter->handleRequest(null, Object(Config\Cache), false)
 9 FCPATH\index.php(67): CodeIgniter\CodeIgniter->run()
10 SYSTEMPATH\Commands\Server\rewrite.php(47): require_once('D:\\Kuliah\\Semester 8\\PA Falah\\alexanet_appv1\\public\\index.php')
CRITICAL - 2023-06-04 03:49:29 --> Undefined variable $pemesanan
in APPPATH\Views\admin\pesan\index.php on line 23.
 1 APPPATH\Views\admin\pesan\index.php(23): CodeIgniter\Debug\Exceptions->errorHandler(2, 'Undefined variable $pemesanan', 'D:\\Kuliah\\Semester 8\\PA Falah\\alexanet_appv1\\app\\Views\\admin\\pesan\\index.php', 23)
 2 SYSTEMPATH\View\View.php(213): include('D:\\Kuliah\\Semester 8\\PA Falah\\alexanet_appv1\\app\\Views\\admin\\pesan\\index.php')
 3 SYSTEMPATH\View\View.php(216): CodeIgniter\View\View->CodeIgniter\View\{closure}()
 4 SYSTEMPATH\Common.php(1184): CodeIgniter\View\View->render('admin/pesan/index.php', [], true)
 5 APPPATH\Controllers\Pesan.php(23): view('admin/pesan/index.php', [...])
 6 SYSTEMPATH\CodeIgniter.php(934): App\Controllers\Pesan->index()
 7 SYSTEMPATH\CodeIgniter.php(499): CodeIgniter\CodeIgniter->runController(Object(App\Controllers\Pesan))
 8 SYSTEMPATH\CodeIgniter.php(368): CodeIgniter\CodeIgniter->handleRequest(null, Object(Config\Cache), false)
 9 FCPATH\index.php(67): CodeIgniter\CodeIgniter->run()
10 SYSTEMPATH\Commands\Server\rewrite.php(47): require_once('D:\\Kuliah\\Semester 8\\PA Falah\\alexanet_appv1\\public\\index.php')
CRITICAL - 2023-06-04 03:50:32 --> Undefined variable $pemesanan
in APPPATH\Views\admin\pesan\index.php on line 23.
 1 APPPATH\Views\admin\pesan\index.php(23): CodeIgniter\Debug\Exceptions->errorHandler(2, 'Undefined variable $pemesanan', 'D:\\Kuliah\\Semester 8\\PA Falah\\alexanet_appv1\\app\\Views\\admin\\pesan\\index.php', 23)
 2 SYSTEMPATH\View\View.php(213): include('D:\\Kuliah\\Semester 8\\PA Falah\\alexanet_appv1\\app\\Views\\admin\\pesan\\index.php')
 3 SYSTEMPATH\View\View.php(216): CodeIgniter\View\View->CodeIgniter\View\{closure}()
 4 SYSTEMPATH\Common.php(1184): CodeIgniter\View\View->render('admin/pesan/index.php', [], true)
 5 APPPATH\Controllers\Pesan.php(25): view('admin/pesan/index.php', [...])
 6 SYSTEMPATH\CodeIgniter.php(934): App\Controllers\Pesan->index()
 7 SYSTEMPATH\CodeIgniter.php(499): CodeIgniter\CodeIgniter->runController(Object(App\Controllers\Pesan))
 8 SYSTEMPATH\CodeIgniter.php(368): CodeIgniter\CodeIgniter->handleRequest(null, Object(Config\Cache), false)
 9 FCPATH\index.php(67): CodeIgniter\CodeIgniter->run()
10 SYSTEMPATH\Commands\Server\rewrite.php(47): require_once('D:\\Kuliah\\Semester 8\\PA Falah\\alexanet_appv1\\public\\index.php')
CRITICAL - 2023-06-04 03:51:44 --> Undefined array key "pesan"
in APPPATH\Views\admin\pesan\index.php on line 23.
 1 APPPATH\Views\admin\pesan\index.php(23): CodeIgniter\Debug\Exceptions->errorHandler(2, 'Undefined array key "pesan"', 'D:\\Kuliah\\Semester 8\\PA Falah\\alexanet_appv1\\app\\Views\\admin\\pesan\\index.php', 23)
 2 SYSTEMPATH\View\View.php(213): include('D:\\Kuliah\\Semester 8\\PA Falah\\alexanet_appv1\\app\\Views\\admin\\pesan\\index.php')
 3 SYSTEMPATH\View\View.php(216): CodeIgniter\View\View->CodeIgniter\View\{closure}()
 4 SYSTEMPATH\Common.php(1184): CodeIgniter\View\View->render('admin/pesan/index.php', [], true)
 5 APPPATH\Controllers\Pesan.php(25): view('admin/pesan/index.php', [...])
 6 SYSTEMPATH\CodeIgniter.php(934): App\Controllers\Pesan->index()
 7 SYSTEMPATH\CodeIgniter.php(499): CodeIgniter\CodeIgniter->runController(Object(App\Controllers\Pesan))
 8 SYSTEMPATH\CodeIgniter.php(368): CodeIgniter\CodeIgniter->handleRequest(null, Object(Config\Cache), false)
 9 FCPATH\index.php(67): CodeIgniter\CodeIgniter->run()
10 SYSTEMPATH\Commands\Server\rewrite.php(47): require_once('D:\\Kuliah\\Semester 8\\PA Falah\\alexanet_appv1\\public\\index.php')
CRITICAL - 2023-06-04 03:51:57 --> Array to string conversion
in APPPATH\Views\admin\pesan\index.php on line 23.
 1 APPPATH\Views\admin\pesan\index.php(23): CodeIgniter\Debug\Exceptions->errorHandler(2, 'Array to string conversion', 'D:\\Kuliah\\Semester 8\\PA Falah\\alexanet_appv1\\app\\Views\\admin\\pesan\\index.php', 23)
 2 SYSTEMPATH\View\View.php(213): include('D:\\Kuliah\\Semester 8\\PA Falah\\alexanet_appv1\\app\\Views\\admin\\pesan\\index.php')
 3 SYSTEMPATH\View\View.php(216): CodeIgniter\View\View->CodeIgniter\View\{closure}()
 4 SYSTEMPATH\Common.php(1184): CodeIgniter\View\View->render('admin/pesan/index.php', [], true)
 5 APPPATH\Controllers\Pesan.php(25): view('admin/pesan/index.php', [...])
 6 SYSTEMPATH\CodeIgniter.php(934): App\Controllers\Pesan->index()
 7 SYSTEMPATH\CodeIgniter.php(499): CodeIgniter\CodeIgniter->runController(Object(App\Controllers\Pesan))
 8 SYSTEMPATH\CodeIgniter.php(368): CodeIgniter\CodeIgniter->handleRequest(null, Object(Config\Cache), false)
 9 FCPATH\index.php(67): CodeIgniter\CodeIgniter->run()
10 SYSTEMPATH\Commands\Server\rewrite.php(47): require_once('D:\\Kuliah\\Semester 8\\PA Falah\\alexanet_appv1\\public\\index.php')
CRITICAL - 2023-06-04 03:53:31 --> Array to string conversion
in APPPATH\Views\admin\pesan\index.php on line 23.
 1 APPPATH\Views\admin\pesan\index.php(23): CodeIgniter\Debug\Exceptions->errorHandler(2, 'Array to string conversion', 'D:\\Kuliah\\Semester 8\\PA Falah\\alexanet_appv1\\app\\Views\\admin\\pesan\\index.php', 23)
 2 SYSTEMPATH\View\View.php(213): include('D:\\Kuliah\\Semester 8\\PA Falah\\alexanet_appv1\\app\\Views\\admin\\pesan\\index.php')
 3 SYSTEMPATH\View\View.php(216): CodeIgniter\View\View->CodeIgniter\View\{closure}()
 4 SYSTEMPATH\Common.php(1184): CodeIgniter\View\View->render('admin/pesan/index.php', [], true)
 5 APPPATH\Controllers\Pesan.php(23): view('admin/pesan/index.php', [...])
 6 SYSTEMPATH\CodeIgniter.php(934): App\Controllers\Pesan->index()
 7 SYSTEMPATH\CodeIgniter.php(499): CodeIgniter\CodeIgniter->runController(Object(App\Controllers\Pesan))
 8 SYSTEMPATH\CodeIgniter.php(368): CodeIgniter\CodeIgniter->handleRequest(null, Object(Config\Cache), false)
 9 FCPATH\index.php(67): CodeIgniter\CodeIgniter->run()
10 SYSTEMPATH\Commands\Server\rewrite.php(47): require_once('D:\\Kuliah\\Semester 8\\PA Falah\\alexanet_appv1\\public\\index.php')
CRITICAL - 2023-06-04 04:08:48 --> Undefined variable $premis
in APPPATH\Views\admin\pesan\list_pesan_pemasangan.php on line 40.
 1 APPPATH\Views\admin\pesan\list_pesan_pemasangan.php(40): CodeIgniter\Debug\Exceptions->errorHandler(2, 'Undefined variable $premis', 'D:\\Kuliah\\Semester 8\\PA Falah\\alexanet_appv1\\app\\Views\\admin\\pesan\\list_pesan_pemasangan.php', 40)
 2 SYSTEMPATH\View\View.php(213): include('D:\\Kuliah\\Semester 8\\PA Falah\\alexanet_appv1\\app\\Views\\admin\\pesan\\list_pesan_pemasangan.php')
 3 SYSTEMPATH\View\View.php(216): CodeIgniter\View\View->CodeIgniter\View\{closure}()
 4 SYSTEMPATH\Common.php(1184): CodeIgniter\View\View->render('admin/pesan/list_pesan_pemasangan.php', [], true)
 5 APPPATH\Controllers\Pesan.php(29): view('admin/pesan/list_pesan_pemasangan.php')
 6 SYSTEMPATH\CodeIgniter.php(934): App\Controllers\Pesan->listPesan('pemasangan')
 7 SYSTEMPATH\CodeIgniter.php(499): CodeIgniter\CodeIgniter->runController(Object(App\Controllers\Pesan))
 8 SYSTEMPATH\CodeIgniter.php(368): CodeIgniter\CodeIgniter->handleRequest(null, Object(Config\Cache), false)
 9 FCPATH\index.php(67): CodeIgniter\CodeIgniter->run()
10 SYSTEMPATH\Commands\Server\rewrite.php(47): require_once('D:\\Kuliah\\Semester 8\\PA Falah\\alexanet_appv1\\public\\index.php')
CRITICAL - 2023-06-04 04:17:49 --> Undefined array key "pemesanan.invoice"
in APPPATH\Views\admin\pesan\list_pesan_pemasangan.php on line 43.
 1 APPPATH\Views\admin\pesan\list_pesan_pemasangan.php(43): CodeIgniter\Debug\Exceptions->errorHandler(2, 'Undefined array key "pemesanan.invoice"', 'D:\\Kuliah\\Semester 8\\PA Falah\\alexanet_appv1\\app\\Views\\admin\\pesan\\list_pesan_pemasangan.php', 43)
 2 SYSTEMPATH\View\View.php(213): include('D:\\Kuliah\\Semester 8\\PA Falah\\alexanet_appv1\\app\\Views\\admin\\pesan\\list_pesan_pemasangan.php')
 3 SYSTEMPATH\View\View.php(216): CodeIgniter\View\View->CodeIgniter\View\{closure}()
 4 SYSTEMPATH\Common.php(1184): CodeIgniter\View\View->render('admin/pesan/list_pesan_pemasangan.php', [], true)
 5 APPPATH\Controllers\Pesan.php(36): view('admin/pesan/list_pesan_pemasangan.php', [...])
 6 SYSTEMPATH\CodeIgniter.php(934): App\Controllers\Pesan->listPesan('pemasangan')
 7 SYSTEMPATH\CodeIgniter.php(499): CodeIgniter\CodeIgniter->runController(Object(App\Controllers\Pesan))
 8 SYSTEMPATH\CodeIgniter.php(368): CodeIgniter\CodeIgniter->handleRequest(null, Object(Config\Cache), false)
 9 FCPATH\index.php(67): CodeIgniter\CodeIgniter->run()
10 SYSTEMPATH\Commands\Server\rewrite.php(47): require_once('D:\\Kuliah\\Semester 8\\PA Falah\\alexanet_appv1\\public\\index.php')
CRITICAL - 2023-06-04 04:18:01 --> Undefined array key "premis"
in APPPATH\Views\admin\pesan\list_pesan_pemasangan.php on line 44.
 1 APPPATH\Views\admin\pesan\list_pesan_pemasangan.php(44): CodeIgniter\Debug\Exceptions->errorHandler(2, 'Undefined array key "premis"', 'D:\\Kuliah\\Semester 8\\PA Falah\\alexanet_appv1\\app\\Views\\admin\\pesan\\list_pesan_pemasangan.php', 44)
 2 SYSTEMPATH\View\View.php(213): include('D:\\Kuliah\\Semester 8\\PA Falah\\alexanet_appv1\\app\\Views\\admin\\pesan\\list_pesan_pemasangan.php')
 3 SYSTEMPATH\View\View.php(216): CodeIgniter\View\View->CodeIgniter\View\{closure}()
 4 SYSTEMPATH\Common.php(1184): CodeIgniter\View\View->render('admin/pesan/list_pesan_pemasangan.php', [], true)
 5 APPPATH\Controllers\Pesan.php(36): view('admin/pesan/list_pesan_pemasangan.php', [...])
 6 SYSTEMPATH\CodeIgniter.php(934): App\Controllers\Pesan->listPesan('pemasangan')
 7 SYSTEMPATH\CodeIgniter.php(499): CodeIgniter\CodeIgniter->runController(Object(App\Controllers\Pesan))
 8 SYSTEMPATH\CodeIgniter.php(368): CodeIgniter\CodeIgniter->handleRequest(null, Object(Config\Cache), false)
 9 FCPATH\index.php(67): CodeIgniter\CodeIgniter->run()
10 SYSTEMPATH\Commands\Server\rewrite.php(47): require_once('D:\\Kuliah\\Semester 8\\PA Falah\\alexanet_appv1\\public\\index.php')
