ERROR - 2023-06-13 11:04:55 --> Error connecting to the database: mysqli_sql_exception: No connection could be made because the target machine actively refused it in D:\Kuliah\Semester 8\PA Falah\alexanet_appv1\system\Database\MySQLi\Connection.php:173
Stack trace:
#0 D:\Kuliah\Semester 8\PA Falah\alexanet_appv1\system\Database\MySQLi\Connection.php(173): mysqli->real_connect('localhost', 'root', Object(SensitiveParameterValue), 'alexanet_db', 3306, '', 0)
#1 D:\Kuliah\Semester 8\PA Falah\alexanet_appv1\system\Database\BaseConnection.php(391): CodeIgniter\Database\MySQLi\Connection->connect(false)
#2 D:\Kuliah\Semester 8\PA Falah\alexanet_appv1\system\Database\BaseConnection.php(574): CodeIgniter\Database\BaseConnection->initialize()
#3 D:\Kuliah\Semester 8\PA Falah\alexanet_appv1\system\Database\BaseBuilder.php(1616): CodeIgniter\Database\BaseConnection->query('SELECT *\nFROM `...', Array, false)
#4 D:\Kuliah\Semester 8\PA Falah\alexanet_appv1\system\Model.php(268): CodeIgniter\Database\BaseBuilder->get()
#5 D:\Kuliah\Semester 8\PA Falah\alexanet_appv1\system\BaseModel.php(656): CodeIgniter\Model->doFirst()
#6 D:\Kuliah\Semester 8\PA Falah\alexanet_appv1\app\Controllers\Auth.php(37): CodeIgniter\BaseModel->first()
#7 D:\Kuliah\Semester 8\PA Falah\alexanet_appv1\system\CodeIgniter.php(934): App\Controllers\Auth->login()
#8 D:\Kuliah\Semester 8\PA Falah\alexanet_appv1\system\CodeIgniter.php(499): CodeIgniter\CodeIgniter->runController(Object(App\Controllers\Auth))
#9 D:\Kuliah\Semester 8\PA Falah\alexanet_appv1\system\CodeIgniter.php(368): CodeIgniter\CodeIgniter->handleRequest(NULL, Object(Config\Cache), false)
#10 D:\Kuliah\Semester 8\PA Falah\alexanet_appv1\public\index.php(67): CodeIgniter\CodeIgniter->run()
#11 D:\Kuliah\Semester 8\PA Falah\alexanet_appv1\system\Commands\Server\rewrite.php(47): require_once('D:\\Kuliah\\Semes...')
#12 {main}

Next CodeIgniter\Database\Exceptions\DatabaseException: No connection could be made because the target machine actively refused it in D:\Kuliah\Semester 8\PA Falah\alexanet_appv1\system\Database\MySQLi\Connection.php:218
Stack trace:
#0 D:\Kuliah\Semester 8\PA Falah\alexanet_appv1\system\Database\BaseConnection.php(391): CodeIgniter\Database\MySQLi\Connection->connect(false)
#1 D:\Kuliah\Semester 8\PA Falah\alexanet_appv1\system\Database\BaseConnection.php(574): CodeIgniter\Database\BaseConnection->initialize()
#2 D:\Kuliah\Semester 8\PA Falah\alexanet_appv1\system\Database\BaseBuilder.php(1616): CodeIgniter\Database\BaseConnection->query('SELECT *\nFROM `...', Array, false)
#3 D:\Kuliah\Semester 8\PA Falah\alexanet_appv1\system\Model.php(268): CodeIgniter\Database\BaseBuilder->get()
#4 D:\Kuliah\Semester 8\PA Falah\alexanet_appv1\system\BaseModel.php(656): CodeIgniter\Model->doFirst()
#5 D:\Kuliah\Semester 8\PA Falah\alexanet_appv1\app\Controllers\Auth.php(37): CodeIgniter\BaseModel->first()
#6 D:\Kuliah\Semester 8\PA Falah\alexanet_appv1\system\CodeIgniter.php(934): App\Controllers\Auth->login()
#7 D:\Kuliah\Semester 8\PA Falah\alexanet_appv1\system\CodeIgniter.php(499): CodeIgniter\CodeIgniter->runController(Object(App\Controllers\Auth))
#8 D:\Kuliah\Semester 8\PA Falah\alexanet_appv1\system\CodeIgniter.php(368): CodeIgniter\CodeIgniter->handleRequest(NULL, Object(Config\Cache), false)
#9 D:\Kuliah\Semester 8\PA Falah\alexanet_appv1\public\index.php(67): CodeIgniter\CodeIgniter->run()
#10 D:\Kuliah\Semester 8\PA Falah\alexanet_appv1\system\Commands\Server\rewrite.php(47): require_once('D:\\Kuliah\\Semes...')
#11 {main}
CRITICAL - 2023-06-13 11:04:55 --> Unable to connect to the database.
Main connection [MySQLi]: No connection could be made because the target machine actively refused it
in SYSTEMPATH\Database\BaseConnection.php on line 427.
 1 SYSTEMPATH\Database\BaseConnection.php(574): CodeIgniter\Database\BaseConnection->initialize()
 2 SYSTEMPATH\Database\BaseBuilder.php(1616): CodeIgniter\Database\BaseConnection->query('SELECT *
FROM `users`
WHERE `username` = :username:
 LIMIT 1', [...], false)
 3 SYSTEMPATH\Model.php(268): CodeIgniter\Database\BaseBuilder->get()
 4 SYSTEMPATH\BaseModel.php(656): CodeIgniter\Model->doFirst()
 5 APPPATH\Controllers\Auth.php(37): CodeIgniter\BaseModel->first()
 6 SYSTEMPATH\CodeIgniter.php(934): App\Controllers\Auth->login()
 7 SYSTEMPATH\CodeIgniter.php(499): CodeIgniter\CodeIgniter->runController(Object(App\Controllers\Auth))
 8 SYSTEMPATH\CodeIgniter.php(368): CodeIgniter\CodeIgniter->handleRequest(null, Object(Config\Cache), false)
 9 FCPATH\index.php(67): CodeIgniter\CodeIgniter->run()
10 SYSTEMPATH\Commands\Server\rewrite.php(47): require_once('D:\\Kuliah\\Semester 8\\PA Falah\\alexanet_appv1\\public\\index.php')
