ERROR - 2023-05-25 03:23:10 --> Error connecting to the database: mysqli_sql_exception: Access denied for user ''@'localhost' (using password: NO) in D:\Kuliah\Semester 8\PA Falah\codeigniter4-framework-b41bca4\system\Database\MySQLi\Connection.php:173
Stack trace:
#0 D:\Kuliah\Semester 8\PA Falah\codeigniter4-framework-b41bca4\system\Database\MySQLi\Connection.php(173): mysqli->real_connect('localhost', '', Object(SensitiveParameterValue), '', 3306, '', 0)
#1 D:\Kuliah\Semester 8\PA Falah\codeigniter4-framework-b41bca4\system\Database\BaseConnection.php(391): CodeIgniter\Database\MySQLi\Connection->connect(false)
#2 D:\Kuliah\Semester 8\PA Falah\codeigniter4-framework-b41bca4\system\Database\BaseConnection.php(574): CodeIgniter\Database\BaseConnection->initialize()
#3 D:\Kuliah\Semester 8\PA Falah\codeigniter4-framework-b41bca4\system\Database\BaseConnection.php(1409): CodeIgniter\Database\BaseConnection->query('SHOW TABLES FRO...')
#4 D:\Kuliah\Semester 8\PA Falah\codeigniter4-framework-b41bca4\system\Database\BaseConnection.php(1428): CodeIgniter\Database\BaseConnection->listTables()
#5 D:\Kuliah\Semester 8\PA Falah\codeigniter4-framework-b41bca4\system\Database\MigrationRunner.php(768): CodeIgniter\Database\BaseConnection->tableExists('migrations')
#6 D:\Kuliah\Semester 8\PA Falah\codeigniter4-framework-b41bca4\system\Database\MigrationRunner.php(168): CodeIgniter\Database\MigrationRunner->ensureTable()
#7 D:\Kuliah\Semester 8\PA Falah\codeigniter4-framework-b41bca4\system\Commands\Database\Migrate.php(84): CodeIgniter\Database\MigrationRunner->latest(NULL)
#8 D:\Kuliah\Semester 8\PA Falah\codeigniter4-framework-b41bca4\system\CLI\Commands.php(65): CodeIgniter\Commands\Database\Migrate->run(Array)
#9 D:\Kuliah\Semester 8\PA Falah\codeigniter4-framework-b41bca4\system\CLI\Console.php(37): CodeIgniter\CLI\Commands->run('migrate', Array)
#10 D:\Kuliah\Semester 8\PA Falah\codeigniter4-framework-b41bca4\spark(97): CodeIgniter\CLI\Console->run()
#11 {main}

Next CodeIgniter\Database\Exceptions\DatabaseException: Access denied for user ''@'localhost' (using password: NO) in D:\Kuliah\Semester 8\PA Falah\codeigniter4-framework-b41bca4\system\Database\MySQLi\Connection.php:218
Stack trace:
#0 D:\Kuliah\Semester 8\PA Falah\codeigniter4-framework-b41bca4\system\Database\BaseConnection.php(391): CodeIgniter\Database\MySQLi\Connection->connect(false)
#1 D:\Kuliah\Semester 8\PA Falah\codeigniter4-framework-b41bca4\system\Database\BaseConnection.php(574): CodeIgniter\Database\BaseConnection->initialize()
#2 D:\Kuliah\Semester 8\PA Falah\codeigniter4-framework-b41bca4\system\Database\BaseConnection.php(1409): CodeIgniter\Database\BaseConnection->query('SHOW TABLES FRO...')
#3 D:\Kuliah\Semester 8\PA Falah\codeigniter4-framework-b41bca4\system\Database\BaseConnection.php(1428): CodeIgniter\Database\BaseConnection->listTables()
#4 D:\Kuliah\Semester 8\PA Falah\codeigniter4-framework-b41bca4\system\Database\MigrationRunner.php(768): CodeIgniter\Database\BaseConnection->tableExists('migrations')
#5 D:\Kuliah\Semester 8\PA Falah\codeigniter4-framework-b41bca4\system\Database\MigrationRunner.php(168): CodeIgniter\Database\MigrationRunner->ensureTable()
#6 D:\Kuliah\Semester 8\PA Falah\codeigniter4-framework-b41bca4\system\Commands\Database\Migrate.php(84): CodeIgniter\Database\MigrationRunner->latest(NULL)
#7 D:\Kuliah\Semester 8\PA Falah\codeigniter4-framework-b41bca4\system\CLI\Commands.php(65): CodeIgniter\Commands\Database\Migrate->run(Array)
#8 D:\Kuliah\Semester 8\PA Falah\codeigniter4-framework-b41bca4\system\CLI\Console.php(37): CodeIgniter\CLI\Commands->run('migrate', Array)
#9 D:\Kuliah\Semester 8\PA Falah\codeigniter4-framework-b41bca4\spark(97): CodeIgniter\CLI\Console->run()
#10 {main}
ERROR - 2023-05-25 03:23:23 --> Error connecting to the database: mysqli_sql_exception: Access denied for user ''@'localhost' (using password: NO) in D:\Kuliah\Semester 8\PA Falah\codeigniter4-framework-b41bca4\system\Database\MySQLi\Connection.php:173
Stack trace:
#0 D:\Kuliah\Semester 8\PA Falah\codeigniter4-framework-b41bca4\system\Database\MySQLi\Connection.php(173): mysqli->real_connect('localhost', '', Object(SensitiveParameterValue), '', 3306, '', 0)
#1 D:\Kuliah\Semester 8\PA Falah\codeigniter4-framework-b41bca4\system\Database\BaseConnection.php(391): CodeIgniter\Database\MySQLi\Connection->connect(false)
#2 D:\Kuliah\Semester 8\PA Falah\codeigniter4-framework-b41bca4\system\Database\BaseConnection.php(574): CodeIgniter\Database\BaseConnection->initialize()
#3 D:\Kuliah\Semester 8\PA Falah\codeigniter4-framework-b41bca4\system\Database\BaseConnection.php(1409): CodeIgniter\Database\BaseConnection->query('SHOW TABLES FRO...')
#4 D:\Kuliah\Semester 8\PA Falah\codeigniter4-framework-b41bca4\system\Database\BaseConnection.php(1428): CodeIgniter\Database\BaseConnection->listTables()
#5 D:\Kuliah\Semester 8\PA Falah\codeigniter4-framework-b41bca4\system\Database\MigrationRunner.php(768): CodeIgniter\Database\BaseConnection->tableExists('migrations')
#6 D:\Kuliah\Semester 8\PA Falah\codeigniter4-framework-b41bca4\system\Database\MigrationRunner.php(168): CodeIgniter\Database\MigrationRunner->ensureTable()
#7 D:\Kuliah\Semester 8\PA Falah\codeigniter4-framework-b41bca4\system\Commands\Database\Migrate.php(84): CodeIgniter\Database\MigrationRunner->latest(NULL)
#8 D:\Kuliah\Semester 8\PA Falah\codeigniter4-framework-b41bca4\system\CLI\Commands.php(65): CodeIgniter\Commands\Database\Migrate->run(Array)
#9 D:\Kuliah\Semester 8\PA Falah\codeigniter4-framework-b41bca4\system\CLI\Console.php(37): CodeIgniter\CLI\Commands->run('migrate', Array)
#10 D:\Kuliah\Semester 8\PA Falah\codeigniter4-framework-b41bca4\spark(97): CodeIgniter\CLI\Console->run()
#11 {main}

Next CodeIgniter\Database\Exceptions\DatabaseException: Access denied for user ''@'localhost' (using password: NO) in D:\Kuliah\Semester 8\PA Falah\codeigniter4-framework-b41bca4\system\Database\MySQLi\Connection.php:218
Stack trace:
#0 D:\Kuliah\Semester 8\PA Falah\codeigniter4-framework-b41bca4\system\Database\BaseConnection.php(391): CodeIgniter\Database\MySQLi\Connection->connect(false)
#1 D:\Kuliah\Semester 8\PA Falah\codeigniter4-framework-b41bca4\system\Database\BaseConnection.php(574): CodeIgniter\Database\BaseConnection->initialize()
#2 D:\Kuliah\Semester 8\PA Falah\codeigniter4-framework-b41bca4\system\Database\BaseConnection.php(1409): CodeIgniter\Database\BaseConnection->query('SHOW TABLES FRO...')
#3 D:\Kuliah\Semester 8\PA Falah\codeigniter4-framework-b41bca4\system\Database\BaseConnection.php(1428): CodeIgniter\Database\BaseConnection->listTables()
#4 D:\Kuliah\Semester 8\PA Falah\codeigniter4-framework-b41bca4\system\Database\MigrationRunner.php(768): CodeIgniter\Database\BaseConnection->tableExists('migrations')
#5 D:\Kuliah\Semester 8\PA Falah\codeigniter4-framework-b41bca4\system\Database\MigrationRunner.php(168): CodeIgniter\Database\MigrationRunner->ensureTable()
#6 D:\Kuliah\Semester 8\PA Falah\codeigniter4-framework-b41bca4\system\Commands\Database\Migrate.php(84): CodeIgniter\Database\MigrationRunner->latest(NULL)
#7 D:\Kuliah\Semester 8\PA Falah\codeigniter4-framework-b41bca4\system\CLI\Commands.php(65): CodeIgniter\Commands\Database\Migrate->run(Array)
#8 D:\Kuliah\Semester 8\PA Falah\codeigniter4-framework-b41bca4\system\CLI\Console.php(37): CodeIgniter\CLI\Commands->run('migrate', Array)
#9 D:\Kuliah\Semester 8\PA Falah\codeigniter4-framework-b41bca4\spark(97): CodeIgniter\CLI\Console->run()
#10 {main}
ERROR - 2023-05-25 03:26:21 --> Error connecting to the database: mysqli_sql_exception: Access denied for user ''@'localhost' (using password: NO) in D:\Kuliah\Semester 8\PA Falah\codeigniter4-framework-b41bca4\system\Database\MySQLi\Connection.php:173
Stack trace:
#0 D:\Kuliah\Semester 8\PA Falah\codeigniter4-framework-b41bca4\system\Database\MySQLi\Connection.php(173): mysqli->real_connect('localhost', '', Object(SensitiveParameterValue), '', 3306, '', 0)
#1 D:\Kuliah\Semester 8\PA Falah\codeigniter4-framework-b41bca4\system\Database\BaseConnection.php(391): CodeIgniter\Database\MySQLi\Connection->connect(false)
#2 D:\Kuliah\Semester 8\PA Falah\codeigniter4-framework-b41bca4\system\Database\BaseConnection.php(574): CodeIgniter\Database\BaseConnection->initialize()
#3 D:\Kuliah\Semester 8\PA Falah\codeigniter4-framework-b41bca4\system\Database\BaseConnection.php(1409): CodeIgniter\Database\BaseConnection->query('SHOW TABLES FRO...')
#4 D:\Kuliah\Semester 8\PA Falah\codeigniter4-framework-b41bca4\system\Database\BaseConnection.php(1428): CodeIgniter\Database\BaseConnection->listTables()
#5 D:\Kuliah\Semester 8\PA Falah\codeigniter4-framework-b41bca4\system\Database\MigrationRunner.php(768): CodeIgniter\Database\BaseConnection->tableExists('migrations')
#6 D:\Kuliah\Semester 8\PA Falah\codeigniter4-framework-b41bca4\system\Database\MigrationRunner.php(168): CodeIgniter\Database\MigrationRunner->ensureTable()
#7 D:\Kuliah\Semester 8\PA Falah\codeigniter4-framework-b41bca4\system\Commands\Database\Migrate.php(84): CodeIgniter\Database\MigrationRunner->latest(NULL)
#8 D:\Kuliah\Semester 8\PA Falah\codeigniter4-framework-b41bca4\system\CLI\Commands.php(65): CodeIgniter\Commands\Database\Migrate->run(Array)
#9 D:\Kuliah\Semester 8\PA Falah\codeigniter4-framework-b41bca4\system\CLI\Console.php(37): CodeIgniter\CLI\Commands->run('migrate', Array)
#10 D:\Kuliah\Semester 8\PA Falah\codeigniter4-framework-b41bca4\spark(97): CodeIgniter\CLI\Console->run()
#11 {main}

Next CodeIgniter\Database\Exceptions\DatabaseException: Access denied for user ''@'localhost' (using password: NO) in D:\Kuliah\Semester 8\PA Falah\codeigniter4-framework-b41bca4\system\Database\MySQLi\Connection.php:218
Stack trace:
#0 D:\Kuliah\Semester 8\PA Falah\codeigniter4-framework-b41bca4\system\Database\BaseConnection.php(391): CodeIgniter\Database\MySQLi\Connection->connect(false)
#1 D:\Kuliah\Semester 8\PA Falah\codeigniter4-framework-b41bca4\system\Database\BaseConnection.php(574): CodeIgniter\Database\BaseConnection->initialize()
#2 D:\Kuliah\Semester 8\PA Falah\codeigniter4-framework-b41bca4\system\Database\BaseConnection.php(1409): CodeIgniter\Database\BaseConnection->query('SHOW TABLES FRO...')
#3 D:\Kuliah\Semester 8\PA Falah\codeigniter4-framework-b41bca4\system\Database\BaseConnection.php(1428): CodeIgniter\Database\BaseConnection->listTables()
#4 D:\Kuliah\Semester 8\PA Falah\codeigniter4-framework-b41bca4\system\Database\MigrationRunner.php(768): CodeIgniter\Database\BaseConnection->tableExists('migrations')
#5 D:\Kuliah\Semester 8\PA Falah\codeigniter4-framework-b41bca4\system\Database\MigrationRunner.php(168): CodeIgniter\Database\MigrationRunner->ensureTable()
#6 D:\Kuliah\Semester 8\PA Falah\codeigniter4-framework-b41bca4\system\Commands\Database\Migrate.php(84): CodeIgniter\Database\MigrationRunner->latest(NULL)
#7 D:\Kuliah\Semester 8\PA Falah\codeigniter4-framework-b41bca4\system\CLI\Commands.php(65): CodeIgniter\Commands\Database\Migrate->run(Array)
#8 D:\Kuliah\Semester 8\PA Falah\codeigniter4-framework-b41bca4\system\CLI\Console.php(37): CodeIgniter\CLI\Commands->run('migrate', Array)
#9 D:\Kuliah\Semester 8\PA Falah\codeigniter4-framework-b41bca4\spark(97): CodeIgniter\CLI\Console->run()
#10 {main}
ERROR - 2023-05-25 03:27:08 --> Error connecting to the database: mysqli_sql_exception: Access denied for user ''@'localhost' (using password: NO) in D:\Kuliah\Semester 8\PA Falah\codeigniter4-framework-b41bca4\system\Database\MySQLi\Connection.php:173
Stack trace:
#0 D:\Kuliah\Semester 8\PA Falah\codeigniter4-framework-b41bca4\system\Database\MySQLi\Connection.php(173): mysqli->real_connect('localhost', '', Object(SensitiveParameterValue), '', 3306, '', 0)
#1 D:\Kuliah\Semester 8\PA Falah\codeigniter4-framework-b41bca4\system\Database\BaseConnection.php(391): CodeIgniter\Database\MySQLi\Connection->connect(false)
#2 D:\Kuliah\Semester 8\PA Falah\codeigniter4-framework-b41bca4\system\Database\BaseConnection.php(574): CodeIgniter\Database\BaseConnection->initialize()
#3 D:\Kuliah\Semester 8\PA Falah\codeigniter4-framework-b41bca4\system\Database\BaseConnection.php(1409): CodeIgniter\Database\BaseConnection->query('SHOW TABLES FRO...')
#4 D:\Kuliah\Semester 8\PA Falah\codeigniter4-framework-b41bca4\system\Database\BaseConnection.php(1428): CodeIgniter\Database\BaseConnection->listTables()
#5 D:\Kuliah\Semester 8\PA Falah\codeigniter4-framework-b41bca4\system\Database\MigrationRunner.php(768): CodeIgniter\Database\BaseConnection->tableExists('migrations')
#6 D:\Kuliah\Semester 8\PA Falah\codeigniter4-framework-b41bca4\system\Database\MigrationRunner.php(168): CodeIgniter\Database\MigrationRunner->ensureTable()
#7 D:\Kuliah\Semester 8\PA Falah\codeigniter4-framework-b41bca4\system\Commands\Database\Migrate.php(84): CodeIgniter\Database\MigrationRunner->latest(NULL)
#8 D:\Kuliah\Semester 8\PA Falah\codeigniter4-framework-b41bca4\system\CLI\Commands.php(65): CodeIgniter\Commands\Database\Migrate->run(Array)
#9 D:\Kuliah\Semester 8\PA Falah\codeigniter4-framework-b41bca4\system\CLI\Console.php(37): CodeIgniter\CLI\Commands->run('migrate', Array)
#10 D:\Kuliah\Semester 8\PA Falah\codeigniter4-framework-b41bca4\spark(97): CodeIgniter\CLI\Console->run()
#11 {main}

Next CodeIgniter\Database\Exceptions\DatabaseException: Access denied for user ''@'localhost' (using password: NO) in D:\Kuliah\Semester 8\PA Falah\codeigniter4-framework-b41bca4\system\Database\MySQLi\Connection.php:218
Stack trace:
#0 D:\Kuliah\Semester 8\PA Falah\codeigniter4-framework-b41bca4\system\Database\BaseConnection.php(391): CodeIgniter\Database\MySQLi\Connection->connect(false)
#1 D:\Kuliah\Semester 8\PA Falah\codeigniter4-framework-b41bca4\system\Database\BaseConnection.php(574): CodeIgniter\Database\BaseConnection->initialize()
#2 D:\Kuliah\Semester 8\PA Falah\codeigniter4-framework-b41bca4\system\Database\BaseConnection.php(1409): CodeIgniter\Database\BaseConnection->query('SHOW TABLES FRO...')
#3 D:\Kuliah\Semester 8\PA Falah\codeigniter4-framework-b41bca4\system\Database\BaseConnection.php(1428): CodeIgniter\Database\BaseConnection->listTables()
#4 D:\Kuliah\Semester 8\PA Falah\codeigniter4-framework-b41bca4\system\Database\MigrationRunner.php(768): CodeIgniter\Database\BaseConnection->tableExists('migrations')
#5 D:\Kuliah\Semester 8\PA Falah\codeigniter4-framework-b41bca4\system\Database\MigrationRunner.php(168): CodeIgniter\Database\MigrationRunner->ensureTable()
#6 D:\Kuliah\Semester 8\PA Falah\codeigniter4-framework-b41bca4\system\Commands\Database\Migrate.php(84): CodeIgniter\Database\MigrationRunner->latest(NULL)
#7 D:\Kuliah\Semester 8\PA Falah\codeigniter4-framework-b41bca4\system\CLI\Commands.php(65): CodeIgniter\Commands\Database\Migrate->run(Array)
#8 D:\Kuliah\Semester 8\PA Falah\codeigniter4-framework-b41bca4\system\CLI\Console.php(37): CodeIgniter\CLI\Commands->run('migrate', Array)
#9 D:\Kuliah\Semester 8\PA Falah\codeigniter4-framework-b41bca4\spark(97): CodeIgniter\CLI\Console->run()
#10 {main}
ERROR - 2023-05-25 03:45:15 --> Error connecting to the database: mysqli_sql_exception: Access denied for user ''@'localhost' (using password: NO) in D:\Kuliah\Semester 8\PA Falah\codeigniter4-framework-b41bca4\system\Database\MySQLi\Connection.php:173
Stack trace:
#0 D:\Kuliah\Semester 8\PA Falah\codeigniter4-framework-b41bca4\system\Database\MySQLi\Connection.php(173): mysqli->real_connect('localhost', '', Object(SensitiveParameterValue), '', 3306, '', 0)
#1 D:\Kuliah\Semester 8\PA Falah\codeigniter4-framework-b41bca4\system\Database\BaseConnection.php(391): CodeIgniter\Database\MySQLi\Connection->connect(false)
#2 D:\Kuliah\Semester 8\PA Falah\codeigniter4-framework-b41bca4\system\Database\BaseConnection.php(574): CodeIgniter\Database\BaseConnection->initialize()
#3 D:\Kuliah\Semester 8\PA Falah\codeigniter4-framework-b41bca4\system\Database\BaseConnection.php(1409): CodeIgniter\Database\BaseConnection->query('SHOW TABLES FRO...')
#4 D:\Kuliah\Semester 8\PA Falah\codeigniter4-framework-b41bca4\system\Database\BaseConnection.php(1428): CodeIgniter\Database\BaseConnection->listTables()
#5 D:\Kuliah\Semester 8\PA Falah\codeigniter4-framework-b41bca4\system\Database\MigrationRunner.php(768): CodeIgniter\Database\BaseConnection->tableExists('migrations')
#6 D:\Kuliah\Semester 8\PA Falah\codeigniter4-framework-b41bca4\system\Database\MigrationRunner.php(168): CodeIgniter\Database\MigrationRunner->ensureTable()
#7 D:\Kuliah\Semester 8\PA Falah\codeigniter4-framework-b41bca4\system\Commands\Database\Migrate.php(84): CodeIgniter\Database\MigrationRunner->latest(NULL)
#8 D:\Kuliah\Semester 8\PA Falah\codeigniter4-framework-b41bca4\system\CLI\Commands.php(65): CodeIgniter\Commands\Database\Migrate->run(Array)
#9 D:\Kuliah\Semester 8\PA Falah\codeigniter4-framework-b41bca4\system\CLI\Console.php(37): CodeIgniter\CLI\Commands->run('migrate', Array)
#10 D:\Kuliah\Semester 8\PA Falah\codeigniter4-framework-b41bca4\spark(97): CodeIgniter\CLI\Console->run()
#11 {main}

Next CodeIgniter\Database\Exceptions\DatabaseException: Access denied for user ''@'localhost' (using password: NO) in D:\Kuliah\Semester 8\PA Falah\codeigniter4-framework-b41bca4\system\Database\MySQLi\Connection.php:218
Stack trace:
#0 D:\Kuliah\Semester 8\PA Falah\codeigniter4-framework-b41bca4\system\Database\BaseConnection.php(391): CodeIgniter\Database\MySQLi\Connection->connect(false)
#1 D:\Kuliah\Semester 8\PA Falah\codeigniter4-framework-b41bca4\system\Database\BaseConnection.php(574): CodeIgniter\Database\BaseConnection->initialize()
#2 D:\Kuliah\Semester 8\PA Falah\codeigniter4-framework-b41bca4\system\Database\BaseConnection.php(1409): CodeIgniter\Database\BaseConnection->query('SHOW TABLES FRO...')
#3 D:\Kuliah\Semester 8\PA Falah\codeigniter4-framework-b41bca4\system\Database\BaseConnection.php(1428): CodeIgniter\Database\BaseConnection->listTables()
#4 D:\Kuliah\Semester 8\PA Falah\codeigniter4-framework-b41bca4\system\Database\MigrationRunner.php(768): CodeIgniter\Database\BaseConnection->tableExists('migrations')
#5 D:\Kuliah\Semester 8\PA Falah\codeigniter4-framework-b41bca4\system\Database\MigrationRunner.php(168): CodeIgniter\Database\MigrationRunner->ensureTable()
#6 D:\Kuliah\Semester 8\PA Falah\codeigniter4-framework-b41bca4\system\Commands\Database\Migrate.php(84): CodeIgniter\Database\MigrationRunner->latest(NULL)
#7 D:\Kuliah\Semester 8\PA Falah\codeigniter4-framework-b41bca4\system\CLI\Commands.php(65): CodeIgniter\Commands\Database\Migrate->run(Array)
#8 D:\Kuliah\Semester 8\PA Falah\codeigniter4-framework-b41bca4\system\CLI\Console.php(37): CodeIgniter\CLI\Commands->run('migrate', Array)
#9 D:\Kuliah\Semester 8\PA Falah\codeigniter4-framework-b41bca4\spark(97): CodeIgniter\CLI\Console->run()
#10 {main}
ERROR - 2023-05-25 03:53:08 --> mysqli_sql_exception: Tablespace for table '`db_alexanet`.`migrations`' exists. Please DISCARD the tablespace before IMPORT in D:\Kuliah\Semester 8\PA Falah\codeigniter4-framework-b41bca4\system\Database\MySQLi\Connection.php:295
Stack trace:
#0 D:\Kuliah\Semester 8\PA Falah\codeigniter4-framework-b41bca4\system\Database\MySQLi\Connection.php(295): mysqli->query('CREATE TABLE `m...', 0)
#1 D:\Kuliah\Semester 8\PA Falah\codeigniter4-framework-b41bca4\system\Database\BaseConnection.php(692): CodeIgniter\Database\MySQLi\Connection->execute('CREATE TABLE `m...')
#2 D:\Kuliah\Semester 8\PA Falah\codeigniter4-framework-b41bca4\system\Database\BaseConnection.php(606): CodeIgniter\Database\BaseConnection->simpleQuery('CREATE TABLE `m...')
#3 D:\Kuliah\Semester 8\PA Falah\codeigniter4-framework-b41bca4\system\Database\Forge.php(546): CodeIgniter\Database\BaseConnection->query('CREATE TABLE `m...')
#4 D:\Kuliah\Semester 8\PA Falah\codeigniter4-framework-b41bca4\system\Database\MigrationRunner.php(815): CodeIgniter\Database\Forge->createTable('migrations', true)
#5 D:\Kuliah\Semester 8\PA Falah\codeigniter4-framework-b41bca4\system\Database\MigrationRunner.php(168): CodeIgniter\Database\MigrationRunner->ensureTable()
#6 D:\Kuliah\Semester 8\PA Falah\codeigniter4-framework-b41bca4\system\Commands\Database\Migrate.php(84): CodeIgniter\Database\MigrationRunner->latest(NULL)
#7 D:\Kuliah\Semester 8\PA Falah\codeigniter4-framework-b41bca4\system\CLI\Commands.php(65): CodeIgniter\Commands\Database\Migrate->run(Array)
#8 D:\Kuliah\Semester 8\PA Falah\codeigniter4-framework-b41bca4\system\CLI\Console.php(37): CodeIgniter\CLI\Commands->run('migrate', Array)
#9 D:\Kuliah\Semester 8\PA Falah\codeigniter4-framework-b41bca4\spark(97): CodeIgniter\CLI\Console->run()
#10 {main}
ERROR - 2023-05-25 03:54:36 --> mysqli_sql_exception: Tablespace for table '`db_alexanet`.`migrations`' exists. Please DISCARD the tablespace before IMPORT in D:\Kuliah\Semester 8\PA Falah\codeigniter4-framework-b41bca4\system\Database\MySQLi\Connection.php:295
Stack trace:
#0 D:\Kuliah\Semester 8\PA Falah\codeigniter4-framework-b41bca4\system\Database\MySQLi\Connection.php(295): mysqli->query('CREATE TABLE `m...', 0)
#1 D:\Kuliah\Semester 8\PA Falah\codeigniter4-framework-b41bca4\system\Database\BaseConnection.php(692): CodeIgniter\Database\MySQLi\Connection->execute('CREATE TABLE `m...')
#2 D:\Kuliah\Semester 8\PA Falah\codeigniter4-framework-b41bca4\system\Database\BaseConnection.php(606): CodeIgniter\Database\BaseConnection->simpleQuery('CREATE TABLE `m...')
#3 D:\Kuliah\Semester 8\PA Falah\codeigniter4-framework-b41bca4\system\Database\Forge.php(546): CodeIgniter\Database\BaseConnection->query('CREATE TABLE `m...')
#4 D:\Kuliah\Semester 8\PA Falah\codeigniter4-framework-b41bca4\system\Database\MigrationRunner.php(815): CodeIgniter\Database\Forge->createTable('migrations', true)
#5 D:\Kuliah\Semester 8\PA Falah\codeigniter4-framework-b41bca4\system\Database\MigrationRunner.php(168): CodeIgniter\Database\MigrationRunner->ensureTable()
#6 D:\Kuliah\Semester 8\PA Falah\codeigniter4-framework-b41bca4\system\Commands\Database\Migrate.php(84): CodeIgniter\Database\MigrationRunner->latest(NULL)
#7 D:\Kuliah\Semester 8\PA Falah\codeigniter4-framework-b41bca4\system\CLI\Commands.php(65): CodeIgniter\Commands\Database\Migrate->run(Array)
#8 D:\Kuliah\Semester 8\PA Falah\codeigniter4-framework-b41bca4\system\CLI\Console.php(37): CodeIgniter\CLI\Commands->run('migrate', Array)
#9 D:\Kuliah\Semester 8\PA Falah\codeigniter4-framework-b41bca4\spark(97): CodeIgniter\CLI\Console->run()
#10 {main}
