ERROR - 2023-05-26 00:55:29 --> mysqli_sql_exception: MySQL server has gone away in D:\Kuliah\Semester 8\PA Falah\alexanet_appv1\system\Database\MySQLi\Connection.php:295
Stack trace:
#0 D:\Kuliah\Semester 8\PA Falah\alexanet_appv1\system\Database\MySQLi\Connection.php(295): mysqli->query('SELECT *\nFROM `...', 0)
#1 D:\Kuliah\Semester 8\PA Falah\alexanet_appv1\system\Database\BaseConnection.php(692): CodeIgniter\Database\MySQLi\Connection->execute('SELECT *\nFROM `...')
#2 D:\Kuliah\Semester 8\PA Falah\alexanet_appv1\system\Database\BaseConnection.php(606): CodeIgniter\Database\BaseConnection->simpleQuery('SELECT *\nFROM `...')
#3 D:\Kuliah\Semester 8\PA Falah\alexanet_appv1\system\Database\BaseBuilder.php(1616): CodeIgniter\Database\BaseConnection->query('SELECT *\nFROM `...', Array, false)
#4 D:\Kuliah\Semester 8\PA Falah\alexanet_appv1\system\Database\MigrationRunner.php(662): CodeIgniter\Database\BaseBuilder->get()
#5 D:\Kuliah\Semester 8\PA Falah\alexanet_appv1\system\Database\MigrationRunner.php(181): CodeIgniter\Database\MigrationRunner->getHistory('')
#6 D:\Kuliah\Semester 8\PA Falah\alexanet_appv1\system\Commands\Database\Migrate.php(84): CodeIgniter\Database\MigrationRunner->latest(NULL)
#7 D:\Kuliah\Semester 8\PA Falah\alexanet_appv1\system\CLI\Commands.php(65): CodeIgniter\Commands\Database\Migrate->run(Array)
#8 D:\Kuliah\Semester 8\PA Falah\alexanet_appv1\system\CLI\BaseCommand.php(114): CodeIgniter\CLI\Commands->run('migrate', Array)
#9 D:\Kuliah\Semester 8\PA Falah\alexanet_appv1\system\Commands\Database\MigrateRefresh.php(85): CodeIgniter\CLI\BaseCommand->call('migrate', Array)
#10 D:\Kuliah\Semester 8\PA Falah\alexanet_appv1\system\CLI\Commands.php(65): CodeIgniter\Commands\Database\MigrateRefresh->run(Array)
#11 D:\Kuliah\Semester 8\PA Falah\alexanet_appv1\system\CLI\Console.php(37): CodeIgniter\CLI\Commands->run('migrate:refresh', Array)
#12 D:\Kuliah\Semester 8\PA Falah\alexanet_appv1\spark(97): CodeIgniter\CLI\Console->run()
#13 {main}
ERROR - 2023-05-26 00:59:28 --> mysqli_sql_exception: MySQL server has gone away in D:\Kuliah\Semester 8\PA Falah\alexanet_appv1\system\Database\MySQLi\Connection.php:295
Stack trace:
#0 D:\Kuliah\Semester 8\PA Falah\alexanet_appv1\system\Database\MySQLi\Connection.php(295): mysqli->query('DELETE FROM `mi...', 0)
#1 D:\Kuliah\Semester 8\PA Falah\alexanet_appv1\system\Database\BaseConnection.php(692): CodeIgniter\Database\MySQLi\Connection->execute('DELETE FROM `mi...')
#2 D:\Kuliah\Semester 8\PA Falah\alexanet_appv1\system\Database\BaseConnection.php(606): CodeIgniter\Database\BaseConnection->simpleQuery('DELETE FROM `mi...')
#3 D:\Kuliah\Semester 8\PA Falah\alexanet_appv1\system\Database\BaseBuilder.php(2791): CodeIgniter\Database\BaseConnection->query('DELETE FROM `mi...', Array, false)
#4 D:\Kuliah\Semester 8\PA Falah\alexanet_appv1\system\Database\MigrationRunner.php(630): CodeIgniter\Database\BaseBuilder->delete()
#5 D:\Kuliah\Semester 8\PA Falah\alexanet_appv1\system\Database\MigrationRunner.php(300): CodeIgniter\Database\MigrationRunner->removeHistory(Object(stdClass))
#6 D:\Kuliah\Semester 8\PA Falah\alexanet_appv1\system\Commands\Database\MigrateRollback.php(92): CodeIgniter\Database\MigrationRunner->regress(0)
#7 D:\Kuliah\Semester 8\PA Falah\alexanet_appv1\system\CLI\Commands.php(65): CodeIgniter\Commands\Database\MigrateRollback->run(Array)
#8 D:\Kuliah\Semester 8\PA Falah\alexanet_appv1\system\CLI\BaseCommand.php(114): CodeIgniter\CLI\Commands->run('migrate:rollbac...', Array)
#9 D:\Kuliah\Semester 8\PA Falah\alexanet_appv1\system\Commands\Database\MigrateRefresh.php(84): CodeIgniter\CLI\BaseCommand->call('migrate:rollbac...', Array)
#10 D:\Kuliah\Semester 8\PA Falah\alexanet_appv1\system\CLI\Commands.php(65): CodeIgniter\Commands\Database\MigrateRefresh->run(Array)
#11 D:\Kuliah\Semester 8\PA Falah\alexanet_appv1\system\CLI\Console.php(37): CodeIgniter\CLI\Commands->run('migrate:refresh', Array)
#12 D:\Kuliah\Semester 8\PA Falah\alexanet_appv1\spark(97): CodeIgniter\CLI\Console->run()
#13 {main}
ERROR - 2023-05-26 00:59:28 --> mysqli_sql_exception: MySQL server has gone away in D:\Kuliah\Semester 8\PA Falah\alexanet_appv1\system\Database\MySQLi\Connection.php:295
Stack trace:
#0 D:\Kuliah\Semester 8\PA Falah\alexanet_appv1\system\Database\MySQLi\Connection.php(295): mysqli->query('SELECT *\nFROM `...', 0)
#1 D:\Kuliah\Semester 8\PA Falah\alexanet_appv1\system\Database\BaseConnection.php(692): CodeIgniter\Database\MySQLi\Connection->execute('SELECT *\nFROM `...')
#2 D:\Kuliah\Semester 8\PA Falah\alexanet_appv1\system\Database\BaseConnection.php(606): CodeIgniter\Database\BaseConnection->simpleQuery('SELECT *\nFROM `...')
#3 D:\Kuliah\Semester 8\PA Falah\alexanet_appv1\system\Database\BaseBuilder.php(1616): CodeIgniter\Database\BaseConnection->query('SELECT *\nFROM `...', Array, false)
#4 D:\Kuliah\Semester 8\PA Falah\alexanet_appv1\system\Database\MigrationRunner.php(662): CodeIgniter\Database\BaseBuilder->get()
#5 D:\Kuliah\Semester 8\PA Falah\alexanet_appv1\system\Database\MigrationRunner.php(181): CodeIgniter\Database\MigrationRunner->getHistory('')
#6 D:\Kuliah\Semester 8\PA Falah\alexanet_appv1\system\Commands\Database\Migrate.php(84): CodeIgniter\Database\MigrationRunner->latest(NULL)
#7 D:\Kuliah\Semester 8\PA Falah\alexanet_appv1\system\CLI\Commands.php(65): CodeIgniter\Commands\Database\Migrate->run(Array)
#8 D:\Kuliah\Semester 8\PA Falah\alexanet_appv1\system\CLI\BaseCommand.php(114): CodeIgniter\CLI\Commands->run('migrate', Array)
#9 D:\Kuliah\Semester 8\PA Falah\alexanet_appv1\system\Commands\Database\MigrateRefresh.php(85): CodeIgniter\CLI\BaseCommand->call('migrate', Array)
#10 D:\Kuliah\Semester 8\PA Falah\alexanet_appv1\system\CLI\Commands.php(65): CodeIgniter\Commands\Database\MigrateRefresh->run(Array)
#11 D:\Kuliah\Semester 8\PA Falah\alexanet_appv1\system\CLI\Console.php(37): CodeIgniter\CLI\Commands->run('migrate:refresh', Array)
#12 D:\Kuliah\Semester 8\PA Falah\alexanet_appv1\spark(97): CodeIgniter\CLI\Console->run()
#13 {main}
ERROR - 2023-05-26 01:00:25 --> mysqli_sql_exception: Unknown table 'alexanet_db.premis' in D:\Kuliah\Semester 8\PA Falah\alexanet_appv1\system\Database\MySQLi\Connection.php:295
Stack trace:
#0 D:\Kuliah\Semester 8\PA Falah\alexanet_appv1\system\Database\MySQLi\Connection.php(295): mysqli->query('DROP TABLE `pre...', 0)
#1 D:\Kuliah\Semester 8\PA Falah\alexanet_appv1\system\Database\BaseConnection.php(692): CodeIgniter\Database\MySQLi\Connection->execute('DROP TABLE `pre...')
#2 D:\Kuliah\Semester 8\PA Falah\alexanet_appv1\system\Database\BaseConnection.php(606): CodeIgniter\Database\BaseConnection->simpleQuery('DROP TABLE `pre...')
#3 D:\Kuliah\Semester 8\PA Falah\alexanet_appv1\system\Database\Forge.php(637): CodeIgniter\Database\BaseConnection->query('DROP TABLE `pre...')
#4 D:\Kuliah\Semester 8\PA Falah\alexanet_appv1\app\Database\Migrations\2023-05-25-053300_Premis.php(35): CodeIgniter\Database\Forge->dropTable('premis')
#5 D:\Kuliah\Semester 8\PA Falah\alexanet_appv1\system\Database\MigrationRunner.php(877): App\Database\Migrations\Premis->down()
#6 D:\Kuliah\Semester 8\PA Falah\alexanet_appv1\system\Database\MigrationRunner.php(299): CodeIgniter\Database\MigrationRunner->migrate('down', Object(stdClass))
#7 D:\Kuliah\Semester 8\PA Falah\alexanet_appv1\system\Commands\Database\MigrateRollback.php(92): CodeIgniter\Database\MigrationRunner->regress(0)
#8 D:\Kuliah\Semester 8\PA Falah\alexanet_appv1\system\CLI\Commands.php(65): CodeIgniter\Commands\Database\MigrateRollback->run(Array)
#9 D:\Kuliah\Semester 8\PA Falah\alexanet_appv1\system\CLI\BaseCommand.php(114): CodeIgniter\CLI\Commands->run('migrate:rollbac...', Array)
#10 D:\Kuliah\Semester 8\PA Falah\alexanet_appv1\system\Commands\Database\MigrateRefresh.php(84): CodeIgniter\CLI\BaseCommand->call('migrate:rollbac...', Array)
#11 D:\Kuliah\Semester 8\PA Falah\alexanet_appv1\system\CLI\Commands.php(65): CodeIgniter\Commands\Database\MigrateRefresh->run(Array)
#12 D:\Kuliah\Semester 8\PA Falah\alexanet_appv1\system\CLI\Console.php(37): CodeIgniter\CLI\Commands->run('migrate:refresh', Array)
#13 D:\Kuliah\Semester 8\PA Falah\alexanet_appv1\spark(97): CodeIgniter\CLI\Console->run()
#14 {main}
ERROR - 2023-05-26 01:00:52 --> mysqli_sql_exception: Unknown table 'alexanet_db.premis' in D:\Kuliah\Semester 8\PA Falah\alexanet_appv1\system\Database\MySQLi\Connection.php:295
Stack trace:
#0 D:\Kuliah\Semester 8\PA Falah\alexanet_appv1\system\Database\MySQLi\Connection.php(295): mysqli->query('DROP TABLE `pre...', 0)
#1 D:\Kuliah\Semester 8\PA Falah\alexanet_appv1\system\Database\BaseConnection.php(692): CodeIgniter\Database\MySQLi\Connection->execute('DROP TABLE `pre...')
#2 D:\Kuliah\Semester 8\PA Falah\alexanet_appv1\system\Database\BaseConnection.php(606): CodeIgniter\Database\BaseConnection->simpleQuery('DROP TABLE `pre...')
#3 D:\Kuliah\Semester 8\PA Falah\alexanet_appv1\system\Database\Forge.php(637): CodeIgniter\Database\BaseConnection->query('DROP TABLE `pre...')
#4 D:\Kuliah\Semester 8\PA Falah\alexanet_appv1\app\Database\Migrations\2023-05-25-053300_Premis.php(35): CodeIgniter\Database\Forge->dropTable('premis')
#5 D:\Kuliah\Semester 8\PA Falah\alexanet_appv1\system\Database\MigrationRunner.php(877): App\Database\Migrations\Premis->down()
#6 D:\Kuliah\Semester 8\PA Falah\alexanet_appv1\system\Database\MigrationRunner.php(299): CodeIgniter\Database\MigrationRunner->migrate('down', Object(stdClass))
#7 D:\Kuliah\Semester 8\PA Falah\alexanet_appv1\system\Commands\Database\MigrateRollback.php(92): CodeIgniter\Database\MigrationRunner->regress(0)
#8 D:\Kuliah\Semester 8\PA Falah\alexanet_appv1\system\CLI\Commands.php(65): CodeIgniter\Commands\Database\MigrateRollback->run(Array)
#9 D:\Kuliah\Semester 8\PA Falah\alexanet_appv1\system\CLI\Console.php(37): CodeIgniter\CLI\Commands->run('migrate:rollbac...', Array)
#10 D:\Kuliah\Semester 8\PA Falah\alexanet_appv1\spark(97): CodeIgniter\CLI\Console->run()
#11 {main}
ERROR - 2023-05-26 01:04:06 --> mysqli_sql_exception: MySQL server has gone away in D:\Kuliah\Semester 8\PA Falah\alexanet_appv1\system\Database\MySQLi\Connection.php:295
Stack trace:
#0 D:\Kuliah\Semester 8\PA Falah\alexanet_appv1\system\Database\MySQLi\Connection.php(295): mysqli->query('CREATE TABLE `p...', 0)
#1 D:\Kuliah\Semester 8\PA Falah\alexanet_appv1\system\Database\BaseConnection.php(692): CodeIgniter\Database\MySQLi\Connection->execute('CREATE TABLE `p...')
#2 D:\Kuliah\Semester 8\PA Falah\alexanet_appv1\system\Database\BaseConnection.php(606): CodeIgniter\Database\BaseConnection->simpleQuery('CREATE TABLE `p...')
#3 D:\Kuliah\Semester 8\PA Falah\alexanet_appv1\system\Database\Forge.php(546): CodeIgniter\Database\BaseConnection->query('CREATE TABLE `p...')
#4 D:\Kuliah\Semester 8\PA Falah\alexanet_appv1\app\Database\Migrations\2023-05-25-053300_Premis.php(30): CodeIgniter\Database\Forge->createTable('premis')
#5 D:\Kuliah\Semester 8\PA Falah\alexanet_appv1\system\Database\MigrationRunner.php(877): App\Database\Migrations\Premis->up()
#6 D:\Kuliah\Semester 8\PA Falah\alexanet_appv1\system\Database\MigrationRunner.php(188): CodeIgniter\Database\MigrationRunner->migrate('up', Object(stdClass))
#7 D:\Kuliah\Semester 8\PA Falah\alexanet_appv1\system\Commands\Database\Migrate.php(84): CodeIgniter\Database\MigrationRunner->latest(NULL)
#8 D:\Kuliah\Semester 8\PA Falah\alexanet_appv1\system\CLI\Commands.php(65): CodeIgniter\Commands\Database\Migrate->run(Array)
#9 D:\Kuliah\Semester 8\PA Falah\alexanet_appv1\system\CLI\BaseCommand.php(114): CodeIgniter\CLI\Commands->run('migrate', Array)
#10 D:\Kuliah\Semester 8\PA Falah\alexanet_appv1\system\Commands\Database\MigrateRefresh.php(85): CodeIgniter\CLI\BaseCommand->call('migrate', Array)
#11 D:\Kuliah\Semester 8\PA Falah\alexanet_appv1\system\CLI\Commands.php(65): CodeIgniter\Commands\Database\MigrateRefresh->run(Array)
#12 D:\Kuliah\Semester 8\PA Falah\alexanet_appv1\system\CLI\Console.php(37): CodeIgniter\CLI\Commands->run('migrate:refresh', Array)
#13 D:\Kuliah\Semester 8\PA Falah\alexanet_appv1\spark(97): CodeIgniter\CLI\Console->run()
#14 {main}
ERROR - 2023-05-26 01:04:24 --> mysqli_sql_exception: Table 'premis' already exists in D:\Kuliah\Semester 8\PA Falah\alexanet_appv1\system\Database\MySQLi\Connection.php:295
Stack trace:
#0 D:\Kuliah\Semester 8\PA Falah\alexanet_appv1\system\Database\MySQLi\Connection.php(295): mysqli->query('CREATE TABLE `p...', 0)
#1 D:\Kuliah\Semester 8\PA Falah\alexanet_appv1\system\Database\BaseConnection.php(692): CodeIgniter\Database\MySQLi\Connection->execute('CREATE TABLE `p...')
#2 D:\Kuliah\Semester 8\PA Falah\alexanet_appv1\system\Database\BaseConnection.php(606): CodeIgniter\Database\BaseConnection->simpleQuery('CREATE TABLE `p...')
#3 D:\Kuliah\Semester 8\PA Falah\alexanet_appv1\system\Database\Forge.php(546): CodeIgniter\Database\BaseConnection->query('CREATE TABLE `p...')
#4 D:\Kuliah\Semester 8\PA Falah\alexanet_appv1\app\Database\Migrations\2023-05-25-053300_Premis.php(30): CodeIgniter\Database\Forge->createTable('premis')
#5 D:\Kuliah\Semester 8\PA Falah\alexanet_appv1\system\Database\MigrationRunner.php(877): App\Database\Migrations\Premis->up()
#6 D:\Kuliah\Semester 8\PA Falah\alexanet_appv1\system\Database\MigrationRunner.php(188): CodeIgniter\Database\MigrationRunner->migrate('up', Object(stdClass))
#7 D:\Kuliah\Semester 8\PA Falah\alexanet_appv1\system\Commands\Database\Migrate.php(84): CodeIgniter\Database\MigrationRunner->latest(NULL)
#8 D:\Kuliah\Semester 8\PA Falah\alexanet_appv1\system\CLI\Commands.php(65): CodeIgniter\Commands\Database\Migrate->run(Array)
#9 D:\Kuliah\Semester 8\PA Falah\alexanet_appv1\system\CLI\BaseCommand.php(114): CodeIgniter\CLI\Commands->run('migrate', Array)
#10 D:\Kuliah\Semester 8\PA Falah\alexanet_appv1\system\Commands\Database\MigrateRefresh.php(85): CodeIgniter\CLI\BaseCommand->call('migrate', Array)
#11 D:\Kuliah\Semester 8\PA Falah\alexanet_appv1\system\CLI\Commands.php(65): CodeIgniter\Commands\Database\MigrateRefresh->run(Array)
#12 D:\Kuliah\Semester 8\PA Falah\alexanet_appv1\system\CLI\Console.php(37): CodeIgniter\CLI\Commands->run('migrate:refresh', Array)
#13 D:\Kuliah\Semester 8\PA Falah\alexanet_appv1\spark(97): CodeIgniter\CLI\Console->run()
#14 {main}
ERROR - 2023-05-26 01:07:11 --> mysqli_sql_exception: Table 'premis' already exists in D:\Kuliah\Semester 8\PA Falah\alexanet_appv1\system\Database\MySQLi\Connection.php:295
Stack trace:
#0 D:\Kuliah\Semester 8\PA Falah\alexanet_appv1\system\Database\MySQLi\Connection.php(295): mysqli->query('CREATE TABLE `p...', 0)
#1 D:\Kuliah\Semester 8\PA Falah\alexanet_appv1\system\Database\BaseConnection.php(692): CodeIgniter\Database\MySQLi\Connection->execute('CREATE TABLE `p...')
#2 D:\Kuliah\Semester 8\PA Falah\alexanet_appv1\system\Database\BaseConnection.php(606): CodeIgniter\Database\BaseConnection->simpleQuery('CREATE TABLE `p...')
#3 D:\Kuliah\Semester 8\PA Falah\alexanet_appv1\system\Database\Forge.php(546): CodeIgniter\Database\BaseConnection->query('CREATE TABLE `p...')
#4 D:\Kuliah\Semester 8\PA Falah\alexanet_appv1\app\Database\Migrations\2023-05-25-053300_Premis.php(30): CodeIgniter\Database\Forge->createTable('premis')
#5 D:\Kuliah\Semester 8\PA Falah\alexanet_appv1\system\Database\MigrationRunner.php(877): App\Database\Migrations\Premis->up()
#6 D:\Kuliah\Semester 8\PA Falah\alexanet_appv1\system\Database\MigrationRunner.php(188): CodeIgniter\Database\MigrationRunner->migrate('up', Object(stdClass))
#7 D:\Kuliah\Semester 8\PA Falah\alexanet_appv1\system\Commands\Database\Migrate.php(84): CodeIgniter\Database\MigrationRunner->latest(NULL)
#8 D:\Kuliah\Semester 8\PA Falah\alexanet_appv1\system\CLI\Commands.php(65): CodeIgniter\Commands\Database\Migrate->run(Array)
#9 D:\Kuliah\Semester 8\PA Falah\alexanet_appv1\system\CLI\BaseCommand.php(114): CodeIgniter\CLI\Commands->run('migrate', Array)
#10 D:\Kuliah\Semester 8\PA Falah\alexanet_appv1\system\Commands\Database\MigrateRefresh.php(85): CodeIgniter\CLI\BaseCommand->call('migrate', Array)
#11 D:\Kuliah\Semester 8\PA Falah\alexanet_appv1\system\CLI\Commands.php(65): CodeIgniter\Commands\Database\MigrateRefresh->run(Array)
#12 D:\Kuliah\Semester 8\PA Falah\alexanet_appv1\system\CLI\Console.php(37): CodeIgniter\CLI\Commands->run('migrate:refresh', Array)
#13 D:\Kuliah\Semester 8\PA Falah\alexanet_appv1\spark(97): CodeIgniter\CLI\Console->run()
#14 {main}
ERROR - 2023-05-26 01:07:19 --> mysqli_sql_exception: Table 'premis' already exists in D:\Kuliah\Semester 8\PA Falah\alexanet_appv1\system\Database\MySQLi\Connection.php:295
Stack trace:
#0 D:\Kuliah\Semester 8\PA Falah\alexanet_appv1\system\Database\MySQLi\Connection.php(295): mysqli->query('CREATE TABLE `p...', 0)
#1 D:\Kuliah\Semester 8\PA Falah\alexanet_appv1\system\Database\BaseConnection.php(692): CodeIgniter\Database\MySQLi\Connection->execute('CREATE TABLE `p...')
#2 D:\Kuliah\Semester 8\PA Falah\alexanet_appv1\system\Database\BaseConnection.php(606): CodeIgniter\Database\BaseConnection->simpleQuery('CREATE TABLE `p...')
#3 D:\Kuliah\Semester 8\PA Falah\alexanet_appv1\system\Database\Forge.php(546): CodeIgniter\Database\BaseConnection->query('CREATE TABLE `p...')
#4 D:\Kuliah\Semester 8\PA Falah\alexanet_appv1\app\Database\Migrations\2023-05-25-053300_Premis.php(30): CodeIgniter\Database\Forge->createTable('premis')
#5 D:\Kuliah\Semester 8\PA Falah\alexanet_appv1\system\Database\MigrationRunner.php(877): App\Database\Migrations\Premis->up()
#6 D:\Kuliah\Semester 8\PA Falah\alexanet_appv1\system\Database\MigrationRunner.php(188): CodeIgniter\Database\MigrationRunner->migrate('up', Object(stdClass))
#7 D:\Kuliah\Semester 8\PA Falah\alexanet_appv1\system\Commands\Database\Migrate.php(84): CodeIgniter\Database\MigrationRunner->latest(NULL)
#8 D:\Kuliah\Semester 8\PA Falah\alexanet_appv1\system\CLI\Commands.php(65): CodeIgniter\Commands\Database\Migrate->run(Array)
#9 D:\Kuliah\Semester 8\PA Falah\alexanet_appv1\system\CLI\Console.php(37): CodeIgniter\CLI\Commands->run('migrate', Array)
#10 D:\Kuliah\Semester 8\PA Falah\alexanet_appv1\spark(97): CodeIgniter\CLI\Console->run()
#11 {main}
CRITICAL - 2023-05-26 04:31:19 --> The framework needs the following extension(s) installed and loaded: intl.
in SYSTEMPATH\CodeIgniter.php on line 226.
 1 SYSTEMPATH\CodeIgniter.php(226): CodeIgniter\Exceptions\FrameworkException::forMissingExtension('intl')
 2 SYSTEMPATH\CodeIgniter.php(190): CodeIgniter\CodeIgniter->resolvePlatformExtensions()
 3 ROOTPATH\spark(83): CodeIgniter\CodeIgniter->initialize()
CRITICAL - 2023-05-26 13:50:34 --> Undefined variable $data
in APPPATH\Views\admin\premis\index.php on line 8.
 1 APPPATH\Views\admin\premis\index.php(8): CodeIgniter\Debug\Exceptions->errorHandler(2, 'Undefined variable $data', 'D:\\Kuliah\\Semester 8\\PA Falah\\alexanet_appv1\\app\\Views\\admin\\premis\\index.php', 8)
 2 SYSTEMPATH\View\View.php(213): include('D:\\Kuliah\\Semester 8\\PA Falah\\alexanet_appv1\\app\\Views\\admin\\premis\\index.php')
 3 SYSTEMPATH\View\View.php(216): CodeIgniter\View\View->CodeIgniter\View\{closure}()
 4 SYSTEMPATH\Common.php(1184): CodeIgniter\View\View->render('admin/premis/index.php', [], true)
 5 APPPATH\Controllers\Premis.php(20): view('admin/premis/index.php', [...])
 6 SYSTEMPATH\CodeIgniter.php(934): App\Controllers\Premis->index()
 7 SYSTEMPATH\CodeIgniter.php(499): CodeIgniter\CodeIgniter->runController(Object(App\Controllers\Premis))
 8 SYSTEMPATH\CodeIgniter.php(368): CodeIgniter\CodeIgniter->handleRequest(null, Object(Config\Cache), false)
 9 FCPATH\index.php(67): CodeIgniter\CodeIgniter->run()
10 SYSTEMPATH\Commands\Server\rewrite.php(47): require_once('D:\\Kuliah\\Semester 8\\PA Falah\\alexanet_appv1\\public\\index.php')
CRITICAL - 2023-05-26 14:11:28 --> There is no data to insert.
in SYSTEMPATH\BaseModel.php on line 762.
 1 SYSTEMPATH\BaseModel.php(762): CodeIgniter\Database\Exceptions\DataException::forEmptyDataset('insert')
 2 SYSTEMPATH\Model.php(730): CodeIgniter\BaseModel->insert([], true)
 3 APPPATH\Controllers\Premis.php(36): CodeIgniter\Model->insert([...])
 4 SYSTEMPATH\CodeIgniter.php(934): App\Controllers\Premis->store()
 5 SYSTEMPATH\CodeIgniter.php(499): CodeIgniter\CodeIgniter->runController(Object(App\Controllers\Premis))
 6 SYSTEMPATH\CodeIgniter.php(368): CodeIgniter\CodeIgniter->handleRequest(null, Object(Config\Cache), false)
 7 FCPATH\index.php(67): CodeIgniter\CodeIgniter->run()
 8 SYSTEMPATH\Commands\Server\rewrite.php(47): require_once('D:\\Kuliah\\Semester 8\\PA Falah\\alexanet_appv1\\public\\index.php')
CRITICAL - 2023-05-26 14:13:02 --> There is no data to insert.
in SYSTEMPATH\BaseModel.php on line 762.
 1 SYSTEMPATH\BaseModel.php(762): CodeIgniter\Database\Exceptions\DataException::forEmptyDataset('insert')
 2 SYSTEMPATH\Model.php(730): CodeIgniter\BaseModel->insert([], true)
 3 APPPATH\Controllers\Premis.php(37): CodeIgniter\Model->insert([...])
 4 SYSTEMPATH\CodeIgniter.php(934): App\Controllers\Premis->store()
 5 SYSTEMPATH\CodeIgniter.php(499): CodeIgniter\CodeIgniter->runController(Object(App\Controllers\Premis))
 6 SYSTEMPATH\CodeIgniter.php(368): CodeIgniter\CodeIgniter->handleRequest(null, Object(Config\Cache), false)
 7 FCPATH\index.php(67): CodeIgniter\CodeIgniter->run()
 8 SYSTEMPATH\Commands\Server\rewrite.php(47): require_once('D:\\Kuliah\\Semester 8\\PA Falah\\alexanet_appv1\\public\\index.php')
ERROR - 2023-05-26 14:15:29 --> mysqli_sql_exception: Duplicate entry 'G1' for key 'premis_code' in D:\Kuliah\Semester 8\PA Falah\alexanet_appv1\system\Database\MySQLi\Connection.php:295
Stack trace:
#0 D:\Kuliah\Semester 8\PA Falah\alexanet_appv1\system\Database\MySQLi\Connection.php(295): mysqli->query('INSERT INTO `pr...', 0)
#1 D:\Kuliah\Semester 8\PA Falah\alexanet_appv1\system\Database\BaseConnection.php(692): CodeIgniter\Database\MySQLi\Connection->execute('INSERT INTO `pr...')
#2 D:\Kuliah\Semester 8\PA Falah\alexanet_appv1\system\Database\BaseConnection.php(606): CodeIgniter\Database\BaseConnection->simpleQuery('INSERT INTO `pr...')
#3 D:\Kuliah\Semester 8\PA Falah\alexanet_appv1\system\Database\BaseBuilder.php(2309): CodeIgniter\Database\BaseConnection->query('INSERT INTO `pr...', Array, false)
#4 D:\Kuliah\Semester 8\PA Falah\alexanet_appv1\system\Model.php(330): CodeIgniter\Database\BaseBuilder->insert()
#5 D:\Kuliah\Semester 8\PA Falah\alexanet_appv1\system\BaseModel.php(782): CodeIgniter\Model->doInsert(Array)
#6 D:\Kuliah\Semester 8\PA Falah\alexanet_appv1\system\Model.php(730): CodeIgniter\BaseModel->insert(Array, true)
#7 D:\Kuliah\Semester 8\PA Falah\alexanet_appv1\app\Controllers\Premis.php(37): CodeIgniter\Model->insert(Array)
#8 D:\Kuliah\Semester 8\PA Falah\alexanet_appv1\system\CodeIgniter.php(934): App\Controllers\Premis->store()
#9 D:\Kuliah\Semester 8\PA Falah\alexanet_appv1\system\CodeIgniter.php(499): CodeIgniter\CodeIgniter->runController(Object(App\Controllers\Premis))
#10 D:\Kuliah\Semester 8\PA Falah\alexanet_appv1\system\CodeIgniter.php(368): CodeIgniter\CodeIgniter->handleRequest(NULL, Object(Config\Cache), false)
#11 D:\Kuliah\Semester 8\PA Falah\alexanet_appv1\public\index.php(67): CodeIgniter\CodeIgniter->run()
#12 D:\Kuliah\Semester 8\PA Falah\alexanet_appv1\system\Commands\Server\rewrite.php(47): require_once('D:\\Kuliah\\Semes...')
#13 {main}
CRITICAL - 2023-05-26 14:15:29 --> Duplicate entry 'G1' for key 'premis_code'
in SYSTEMPATH\Database\MySQLi\Connection.php on line 295.
 1 SYSTEMPATH\Database\MySQLi\Connection.php(295): mysqli->query('INSERT INTO `premises` (`premis_code`, `premis`) VALUES (\'G1\', \'Warkop\')', 0)
 2 SYSTEMPATH\Database\BaseConnection.php(692): CodeIgniter\Database\MySQLi\Connection->execute('INSERT INTO `premises` (`premis_code`, `premis`) VALUES (\'G1\', \'Warkop\')')
 3 SYSTEMPATH\Database\BaseConnection.php(606): CodeIgniter\Database\BaseConnection->simpleQuery('INSERT INTO `premises` (`premis_code`, `premis`) VALUES (\'G1\', \'Warkop\')')
 4 SYSTEMPATH\Database\BaseBuilder.php(2309): CodeIgniter\Database\BaseConnection->query('INSERT INTO `premises` (`premis_code`, `premis`) VALUES (:premis_code:, :premis:)', [...], false)
 5 SYSTEMPATH\Model.php(330): CodeIgniter\Database\BaseBuilder->insert()
 6 SYSTEMPATH\BaseModel.php(782): CodeIgniter\Model->doInsert([...])
 7 SYSTEMPATH\Model.php(730): CodeIgniter\BaseModel->insert([...], true)
 8 APPPATH\Controllers\Premis.php(37): CodeIgniter\Model->insert([...])
 9 SYSTEMPATH\CodeIgniter.php(934): App\Controllers\Premis->store()
10 SYSTEMPATH\CodeIgniter.php(499): CodeIgniter\CodeIgniter->runController(Object(App\Controllers\Premis))
11 SYSTEMPATH\CodeIgniter.php(368): CodeIgniter\CodeIgniter->handleRequest(null, Object(Config\Cache), false)
12 FCPATH\index.php(67): CodeIgniter\CodeIgniter->run()
13 SYSTEMPATH\Commands\Server\rewrite.php(47): require_once('D:\\Kuliah\\Semester 8\\PA Falah\\alexanet_appv1\\public\\index.php')
CRITICAL - 2023-05-26 15:06:21 --> Undefined variable $data
in APPPATH\Views\admin\premis\edit.php on line 8.
 1 APPPATH\Views\admin\premis\edit.php(8): CodeIgniter\Debug\Exceptions->errorHandler(2, 'Undefined variable $data', 'D:\\Kuliah\\Semester 8\\PA Falah\\alexanet_appv1\\app\\Views\\admin\\premis\\edit.php', 8)
 2 SYSTEMPATH\View\View.php(213): include('D:\\Kuliah\\Semester 8\\PA Falah\\alexanet_appv1\\app\\Views\\admin\\premis\\edit.php')
 3 SYSTEMPATH\View\View.php(216): CodeIgniter\View\View->CodeIgniter\View\{closure}()
 4 SYSTEMPATH\Common.php(1184): CodeIgniter\View\View->render('admin/premis/edit.php', [], true)
 5 APPPATH\Controllers\Premis.php(47): view('admin/premis/edit.php', [...])
 6 SYSTEMPATH\CodeIgniter.php(934): App\Controllers\Premis->edit('3')
 7 SYSTEMPATH\CodeIgniter.php(499): CodeIgniter\CodeIgniter->runController(Object(App\Controllers\Premis))
 8 SYSTEMPATH\CodeIgniter.php(368): CodeIgniter\CodeIgniter->handleRequest(null, Object(Config\Cache), false)
 9 FCPATH\index.php(67): CodeIgniter\CodeIgniter->run()
10 SYSTEMPATH\Commands\Server\rewrite.php(47): require_once('D:\\Kuliah\\Semester 8\\PA Falah\\alexanet_appv1\\public\\index.php')
