CRITICAL - 2023-06-06 15:30:20 --> The arguments array must contain 4 items, 3 given
in APPPATH\Controllers\Member.php on line 55.
 1 APPPATH\Controllers\Member.php(55): vsprintf('%s%s%d%d', [...])
 2 APPPATH\Controllers\Member.php(65): App\Controllers\Member->randomUsername('Falah Andika Dwi')
 3 SYSTEMPATH\CodeIgniter.php(934): App\Controllers\Member->generate()
 4 SYSTEMPATH\CodeIgniter.php(499): CodeIgniter\CodeIgniter->runController(Object(App\Controllers\Member))
 5 SYSTEMPATH\CodeIgniter.php(368): CodeIgniter\CodeIgniter->handleRequest(null, Object(Config\Cache), false)
 6 FCPATH\index.php(67): CodeIgniter\CodeIgniter->run()
 7 SYSTEMPATH\Commands\Server\rewrite.php(47): require_once('D:\\Kuliah\\Semester 8\\PA Falah\\alexanet_appv1\\public\\index.php')
CRITICAL - 2023-06-06 15:35:45 --> Call to undefined function App\Controllers\random_string()
in APPPATH\Controllers\Member.php on line 66.
 1 SYSTEMPATH\CodeIgniter.php(934): App\Controllers\Member->generate()
 2 SYSTEMPATH\CodeIgniter.php(499): CodeIgniter\CodeIgniter->runController(Object(App\Controllers\Member))
 3 SYSTEMPATH\CodeIgniter.php(368): CodeIgniter\CodeIgniter->handleRequest(null, Object(Config\Cache), false)
 4 FCPATH\index.php(67): CodeIgniter\CodeIgniter->run()
 5 SYSTEMPATH\Commands\Server\rewrite.php(47): require_once('D:\\Kuliah\\Semester 8\\PA Falah\\alexanet_appv1\\public\\index.php')
CRITICAL - 2023-06-06 15:41:36 --> The arguments array must contain 4 items, 3 given
in APPPATH\Controllers\Member.php on line 55.
 1 APPPATH\Controllers\Member.php(55): vsprintf('%s%s%d%s', [...])
 2 APPPATH\Controllers\Member.php(65): App\Controllers\Member->randomUsername('Falah Andika Dwi')
 3 SYSTEMPATH\CodeIgniter.php(934): App\Controllers\Member->generate()
 4 SYSTEMPATH\CodeIgniter.php(499): CodeIgniter\CodeIgniter->runController(Object(App\Controllers\Member))
 5 SYSTEMPATH\CodeIgniter.php(368): CodeIgniter\CodeIgniter->handleRequest(null, Object(Config\Cache), false)
 6 FCPATH\index.php(67): CodeIgniter\CodeIgniter->run()
 7 SYSTEMPATH\Commands\Server\rewrite.php(47): require_once('D:\\Kuliah\\Semester 8\\PA Falah\\alexanet_appv1\\public\\index.php')
CRITICAL - 2023-06-06 15:45:40 --> syntax error, unexpected token "}"
in APPPATH\Controllers\Member.php on line 80.
 1 SYSTEMPATH\Autoloader\Autoloader.php(289): CodeIgniter\Autoloader\Autoloader->includeFile('D:\\Kuliah\\Semester 8\\PA Falah\\alexanet_appv1\\app\\Controllers\\Member.php')
 2 SYSTEMPATH\Autoloader\Autoloader.php(267): CodeIgniter\Autoloader\Autoloader->loadInNamespace('App\\Controllers\\Member')
 3 [internal function]: CodeIgniter\Autoloader\Autoloader->loadClass('App\\Controllers\\Member')
 4 SYSTEMPATH\CodeIgniter.php(892): class_exists('\\App\\Controllers\\Member', true)
 5 SYSTEMPATH\CodeIgniter.php(486): CodeIgniter\CodeIgniter->startController()
 6 SYSTEMPATH\CodeIgniter.php(368): CodeIgniter\CodeIgniter->handleRequest(null, Object(Config\Cache), false)
 7 FCPATH\index.php(67): CodeIgniter\CodeIgniter->run()
 8 SYSTEMPATH\Commands\Server\rewrite.php(47): require_once('D:\\Kuliah\\Semester 8\\PA Falah\\alexanet_appv1\\public\\index.php')
ERROR - 2023-06-06 15:48:40 --> mysqli_sql_exception: Table 'alexanet_db.user' doesn't exist in D:\Kuliah\Semester 8\PA Falah\alexanet_appv1\system\Database\MySQLi\Connection.php:295
Stack trace:
#0 D:\Kuliah\Semester 8\PA Falah\alexanet_appv1\system\Database\MySQLi\Connection.php(295): mysqli->query('SELECT members....', 0)
#1 D:\Kuliah\Semester 8\PA Falah\alexanet_appv1\system\Database\BaseConnection.php(692): CodeIgniter\Database\MySQLi\Connection->execute('SELECT members....')
#2 D:\Kuliah\Semester 8\PA Falah\alexanet_appv1\system\Database\BaseConnection.php(606): CodeIgniter\Database\BaseConnection->simpleQuery('SELECT members....')
#3 D:\Kuliah\Semester 8\PA Falah\alexanet_appv1\app\Controllers\Member.php(24): CodeIgniter\Database\BaseConnection->query('SELECT members....')
#4 D:\Kuliah\Semester 8\PA Falah\alexanet_appv1\system\CodeIgniter.php(934): App\Controllers\Member->index()
#5 D:\Kuliah\Semester 8\PA Falah\alexanet_appv1\system\CodeIgniter.php(499): CodeIgniter\CodeIgniter->runController(Object(App\Controllers\Member))
#6 D:\Kuliah\Semester 8\PA Falah\alexanet_appv1\system\CodeIgniter.php(368): CodeIgniter\CodeIgniter->handleRequest(NULL, Object(Config\Cache), false)
#7 D:\Kuliah\Semester 8\PA Falah\alexanet_appv1\public\index.php(67): CodeIgniter\CodeIgniter->run()
#8 D:\Kuliah\Semester 8\PA Falah\alexanet_appv1\system\Commands\Server\rewrite.php(47): require_once('D:\\Kuliah\\Semes...')
#9 {main}
CRITICAL - 2023-06-06 15:48:40 --> Table 'alexanet_db.user' doesn't exist
in SYSTEMPATH\Database\MySQLi\Connection.php on line 295.
 1 SYSTEMPATH\Database\MySQLi\Connection.php(295): mysqli->query('SELECT members.*, packets.*, customers.*, user.*
        FROM members, packets, customers, user  
        WHERE members.customer_id=customers.customer_id 
        AND members.packet_id=packets.packet_code', 0)
 2 SYSTEMPATH\Database\BaseConnection.php(692): CodeIgniter\Database\MySQLi\Connection->execute('SELECT members.*, packets.*, customers.*, user.*
        FROM members, packets, customers, user  
        WHERE members.customer_id=customers.customer_id 
        AND members.packet_id=packets.packet_code')
 3 SYSTEMPATH\Database\BaseConnection.php(606): CodeIgniter\Database\BaseConnection->simpleQuery('SELECT members.*, packets.*, customers.*, user.*
        FROM members, packets, customers, user  
        WHERE members.customer_id=customers.customer_id 
        AND members.packet_id=packets.packet_code')
 4 APPPATH\Controllers\Member.php(24): CodeIgniter\Database\BaseConnection->query('SELECT members.*, packets.*, customers.*, user.*
        FROM members, packets, customers, user  
        WHERE members.customer_id=customers.customer_id 
        AND members.packet_id=packets.packet_code')
 5 SYSTEMPATH\CodeIgniter.php(934): App\Controllers\Member->index()
 6 SYSTEMPATH\CodeIgniter.php(499): CodeIgniter\CodeIgniter->runController(Object(App\Controllers\Member))
 7 SYSTEMPATH\CodeIgniter.php(368): CodeIgniter\CodeIgniter->handleRequest(null, Object(Config\Cache), false)
 8 FCPATH\index.php(67): CodeIgniter\CodeIgniter->run()
 9 SYSTEMPATH\Commands\Server\rewrite.php(47): require_once('D:\\Kuliah\\Semester 8\\PA Falah\\alexanet_appv1\\public\\index.php')
