CRITICAL - 2023-06-07 03:23:14 --> Call to undefined function App\Controllers\hash_password()
in APPPATH\Controllers\Member.php on line 77.
 1 SYSTEMPATH\CodeIgniter.php(934): App\Controllers\Member->generate()
 2 SYSTEMPATH\CodeIgniter.php(499): CodeIgniter\CodeIgniter->runController(Object(App\Controllers\Member))
 3 SYSTEMPATH\CodeIgniter.php(368): CodeIgniter\CodeIgniter->handleRequest(null, Object(Config\Cache), false)
 4 FCPATH\index.php(67): CodeIgniter\CodeIgniter->run()
 5 SYSTEMPATH\Commands\Server\rewrite.php(47): require_once('D:\\Kuliah\\Semester 8\\PA Falah\\alexanet_appv1\\public\\index.php')
CRITICAL - 2023-06-07 03:23:40 --> Call to undefined function App\Controllers\hash_password()
in APPPATH\Controllers\Member.php on line 79.
 1 SYSTEMPATH\CodeIgniter.php(934): App\Controllers\Member->generate()
 2 SYSTEMPATH\CodeIgniter.php(499): CodeIgniter\CodeIgniter->runController(Object(App\Controllers\Member))
 3 SYSTEMPATH\CodeIgniter.php(368): CodeIgniter\CodeIgniter->handleRequest(null, Object(Config\Cache), false)
 4 FCPATH\index.php(67): CodeIgniter\CodeIgniter->run()
 5 SYSTEMPATH\Commands\Server\rewrite.php(47): require_once('D:\\Kuliah\\Semester 8\\PA Falah\\alexanet_appv1\\public\\index.php')
CRITICAL - 2023-06-07 03:26:27 --> hash(): Argument #1 ($algo) must be a valid hashing algorithm
in APPPATH\Controllers\Member.php on line 77.
 1 APPPATH\Controllers\Member.php(77): hash('2y', 'falahandika610@alexanet.com')
 2 SYSTEMPATH\CodeIgniter.php(934): App\Controllers\Member->generate()
 3 SYSTEMPATH\CodeIgniter.php(499): CodeIgniter\CodeIgniter->runController(Object(App\Controllers\Member))
 4 SYSTEMPATH\CodeIgniter.php(368): CodeIgniter\CodeIgniter->handleRequest(null, Object(Config\Cache), false)
 5 FCPATH\index.php(67): CodeIgniter\CodeIgniter->run()
 6 SYSTEMPATH\Commands\Server\rewrite.php(47): require_once('D:\\Kuliah\\Semester 8\\PA Falah\\alexanet_appv1\\public\\index.php')
CRITICAL - 2023-06-07 03:26:50 --> hash(): Argument #1 ($algo) must be a valid hashing algorithm
in APPPATH\Controllers\Member.php on line 77.
 1 APPPATH\Controllers\Member.php(77): hash('PASSWORD_BCRYPT', 'falahandika746@alexanet.com')
 2 SYSTEMPATH\CodeIgniter.php(934): App\Controllers\Member->generate()
 3 SYSTEMPATH\CodeIgniter.php(499): CodeIgniter\CodeIgniter->runController(Object(App\Controllers\Member))
 4 SYSTEMPATH\CodeIgniter.php(368): CodeIgniter\CodeIgniter->handleRequest(null, Object(Config\Cache), false)
 5 FCPATH\index.php(67): CodeIgniter\CodeIgniter->run()
 6 SYSTEMPATH\Commands\Server\rewrite.php(47): require_once('D:\\Kuliah\\Semester 8\\PA Falah\\alexanet_appv1\\public\\index.php')
CRITICAL - 2023-06-07 03:28:04 --> hash(): Argument #1 ($algo) must be a valid hashing algorithm
in APPPATH\Controllers\Member.php on line 77.
 1 APPPATH\Controllers\Member.php(77): hash('bcrypt', 'falahandika677@alexanet.com')
 2 SYSTEMPATH\CodeIgniter.php(934): App\Controllers\Member->generate()
 3 SYSTEMPATH\CodeIgniter.php(499): CodeIgniter\CodeIgniter->runController(Object(App\Controllers\Member))
 4 SYSTEMPATH\CodeIgniter.php(368): CodeIgniter\CodeIgniter->handleRequest(null, Object(Config\Cache), false)
 5 FCPATH\index.php(67): CodeIgniter\CodeIgniter->run()
 6 SYSTEMPATH\Commands\Server\rewrite.php(47): require_once('D:\\Kuliah\\Semester 8\\PA Falah\\alexanet_appv1\\public\\index.php')
CRITICAL - 2023-06-07 03:36:39 --> syntax error, unexpected token "}", expecting "," or ";"
in APPPATH\Controllers\Member.php on line 95.
 1 SYSTEMPATH\Autoloader\Autoloader.php(289): CodeIgniter\Autoloader\Autoloader->includeFile('D:\\Kuliah\\Semester 8\\PA Falah\\alexanet_appv1\\app\\Controllers\\Member.php')
 2 SYSTEMPATH\Autoloader\Autoloader.php(267): CodeIgniter\Autoloader\Autoloader->loadInNamespace('App\\Controllers\\Member')
 3 [internal function]: CodeIgniter\Autoloader\Autoloader->loadClass('App\\Controllers\\Member')
 4 SYSTEMPATH\CodeIgniter.php(892): class_exists('\\App\\Controllers\\Member', true)
 5 SYSTEMPATH\CodeIgniter.php(486): CodeIgniter\CodeIgniter->startController()
 6 SYSTEMPATH\CodeIgniter.php(368): CodeIgniter\CodeIgniter->handleRequest(null, Object(Config\Cache), false)
 7 FCPATH\index.php(67): CodeIgniter\CodeIgniter->run()
 8 SYSTEMPATH\Commands\Server\rewrite.php(47): require_once('D:\\Kuliah\\Semester 8\\PA Falah\\alexanet_appv1\\public\\index.php')
CRITICAL - 2023-06-07 04:25:11 --> Object of type CodeIgniter\Session\Session is not callable
in APPPATH\Controllers\Auth.php on line 26.
 1 SYSTEMPATH\CodeIgniter.php(934): App\Controllers\Auth->logout()
 2 SYSTEMPATH\CodeIgniter.php(499): CodeIgniter\CodeIgniter->runController(Object(App\Controllers\Auth))
 3 SYSTEMPATH\CodeIgniter.php(368): CodeIgniter\CodeIgniter->handleRequest(null, Object(Config\Cache), false)
 4 FCPATH\index.php(67): CodeIgniter\CodeIgniter->run()
 5 SYSTEMPATH\Commands\Server\rewrite.php(47): require_once('D:\\Kuliah\\Semester 8\\PA Falah\\alexanet_appv1\\public\\index.php')
CRITICAL - 2023-06-07 04:25:28 --> Object of type CodeIgniter\Session\Session is not callable
in APPPATH\Controllers\Auth.php on line 27.
 1 SYSTEMPATH\CodeIgniter.php(934): App\Controllers\Auth->logout()
 2 SYSTEMPATH\CodeIgniter.php(499): CodeIgniter\CodeIgniter->runController(Object(App\Controllers\Auth))
 3 SYSTEMPATH\CodeIgniter.php(368): CodeIgniter\CodeIgniter->handleRequest(null, Object(Config\Cache), false)
 4 FCPATH\index.php(67): CodeIgniter\CodeIgniter->run()
 5 SYSTEMPATH\Commands\Server\rewrite.php(47): require_once('D:\\Kuliah\\Semester 8\\PA Falah\\alexanet_appv1\\public\\index.php')
CRITICAL - 2023-06-07 04:29:34 --> Object of type CodeIgniter\Session\Session is not callable
in APPPATH\Controllers\Auth.php on line 26.
 1 SYSTEMPATH\CodeIgniter.php(934): App\Controllers\Auth->logout()
 2 SYSTEMPATH\CodeIgniter.php(499): CodeIgniter\CodeIgniter->runController(Object(App\Controllers\Auth))
 3 SYSTEMPATH\CodeIgniter.php(368): CodeIgniter\CodeIgniter->handleRequest(null, Object(Config\Cache), false)
 4 FCPATH\index.php(67): CodeIgniter\CodeIgniter->run()
 5 SYSTEMPATH\Commands\Server\rewrite.php(47): require_once('D:\\Kuliah\\Semester 8\\PA Falah\\alexanet_appv1\\public\\index.php')
CRITICAL - 2023-06-07 04:29:50 --> Object of type CodeIgniter\Session\Session is not callable
in APPPATH\Controllers\Auth.php on line 26.
 1 SYSTEMPATH\CodeIgniter.php(934): App\Controllers\Auth->logout()
 2 SYSTEMPATH\CodeIgniter.php(499): CodeIgniter\CodeIgniter->runController(Object(App\Controllers\Auth))
 3 SYSTEMPATH\CodeIgniter.php(368): CodeIgniter\CodeIgniter->handleRequest(null, Object(Config\Cache), false)
 4 FCPATH\index.php(67): CodeIgniter\CodeIgniter->run()
 5 SYSTEMPATH\Commands\Server\rewrite.php(47): require_once('D:\\Kuliah\\Semester 8\\PA Falah\\alexanet_appv1\\public\\index.php')
CRITICAL - 2023-06-07 04:30:46 --> Object of type CodeIgniter\Session\Session is not callable
in APPPATH\Controllers\Auth.php on line 26.
 1 SYSTEMPATH\CodeIgniter.php(934): App\Controllers\Auth->logout()
 2 SYSTEMPATH\CodeIgniter.php(499): CodeIgniter\CodeIgniter->runController(Object(App\Controllers\Auth))
 3 SYSTEMPATH\CodeIgniter.php(368): CodeIgniter\CodeIgniter->handleRequest(null, Object(Config\Cache), false)
 4 FCPATH\index.php(67): CodeIgniter\CodeIgniter->run()
 5 SYSTEMPATH\Commands\Server\rewrite.php(47): require_once('D:\\Kuliah\\Semester 8\\PA Falah\\alexanet_appv1\\public\\index.php')
CRITICAL - 2023-06-07 04:30:58 --> Object of type CodeIgniter\Session\Session is not callable
in APPPATH\Controllers\Auth.php on line 26.
 1 SYSTEMPATH\CodeIgniter.php(934): App\Controllers\Auth->logout()
 2 SYSTEMPATH\CodeIgniter.php(499): CodeIgniter\CodeIgniter->runController(Object(App\Controllers\Auth))
 3 SYSTEMPATH\CodeIgniter.php(368): CodeIgniter\CodeIgniter->handleRequest(null, Object(Config\Cache), false)
 4 FCPATH\index.php(67): CodeIgniter\CodeIgniter->run()
 5 SYSTEMPATH\Commands\Server\rewrite.php(47): require_once('D:\\Kuliah\\Semester 8\\PA Falah\\alexanet_appv1\\public\\index.php')
CRITICAL - 2023-06-07 04:31:43 --> Object of type CodeIgniter\Session\Session is not callable
in APPPATH\Controllers\Auth.php on line 27.
 1 SYSTEMPATH\CodeIgniter.php(934): App\Controllers\Auth->logout()
 2 SYSTEMPATH\CodeIgniter.php(499): CodeIgniter\CodeIgniter->runController(Object(App\Controllers\Auth))
 3 SYSTEMPATH\CodeIgniter.php(368): CodeIgniter\CodeIgniter->handleRequest(null, Object(Config\Cache), false)
 4 FCPATH\index.php(67): CodeIgniter\CodeIgniter->run()
 5 SYSTEMPATH\Commands\Server\rewrite.php(47): require_once('D:\\Kuliah\\Semester 8\\PA Falah\\alexanet_appv1\\public\\index.php')
CRITICAL - 2023-06-07 07:16:55 --> Undefined array key "pesan"
in APPPATH\Views\admin\index.php on line 28.
 1 APPPATH\Views\admin\index.php(28): CodeIgniter\Debug\Exceptions->errorHandler(2, 'Undefined array key "pesan"', 'D:\\Kuliah\\Semester 8\\PA Falah\\alexanet_appv1\\app\\Views\\admin\\index.php', 28)
 2 SYSTEMPATH\View\View.php(213): include('D:\\Kuliah\\Semester 8\\PA Falah\\alexanet_appv1\\app\\Views\\admin\\index.php')
 3 SYSTEMPATH\View\View.php(216): CodeIgniter\View\View->CodeIgniter\View\{closure}()
 4 SYSTEMPATH\Common.php(1184): CodeIgniter\View\View->render('admin/index.php', [], true)
 5 APPPATH\Controllers\Admin.php(25): view('admin/index.php', [...])
 6 SYSTEMPATH\CodeIgniter.php(934): App\Controllers\Admin->index()
 7 SYSTEMPATH\CodeIgniter.php(499): CodeIgniter\CodeIgniter->runController(Object(App\Controllers\Admin))
 8 SYSTEMPATH\CodeIgniter.php(368): CodeIgniter\CodeIgniter->handleRequest(null, Object(Config\Cache), false)
 9 FCPATH\index.php(67): CodeIgniter\CodeIgniter->run()
10 SYSTEMPATH\Commands\Server\rewrite.php(47): require_once('D:\\Kuliah\\Semester 8\\PA Falah\\alexanet_appv1\\public\\index.php')
CRITICAL - 2023-06-07 07:17:04 --> Undefined array key "pesan"
in APPPATH\Views\admin\index.php on line 28.
 1 APPPATH\Views\admin\index.php(28): CodeIgniter\Debug\Exceptions->errorHandler(2, 'Undefined array key "pesan"', 'D:\\Kuliah\\Semester 8\\PA Falah\\alexanet_appv1\\app\\Views\\admin\\index.php', 28)
 2 SYSTEMPATH\View\View.php(213): include('D:\\Kuliah\\Semester 8\\PA Falah\\alexanet_appv1\\app\\Views\\admin\\index.php')
 3 SYSTEMPATH\View\View.php(216): CodeIgniter\View\View->CodeIgniter\View\{closure}()
 4 SYSTEMPATH\Common.php(1184): CodeIgniter\View\View->render('admin/index.php', [], true)
 5 APPPATH\Controllers\Admin.php(25): view('admin/index.php', [...])
 6 SYSTEMPATH\CodeIgniter.php(934): App\Controllers\Admin->index()
 7 SYSTEMPATH\CodeIgniter.php(499): CodeIgniter\CodeIgniter->runController(Object(App\Controllers\Admin))
 8 SYSTEMPATH\CodeIgniter.php(368): CodeIgniter\CodeIgniter->handleRequest(null, Object(Config\Cache), false)
 9 FCPATH\index.php(67): CodeIgniter\CodeIgniter->run()
10 SYSTEMPATH\Commands\Server\rewrite.php(47): require_once('D:\\Kuliah\\Semester 8\\PA Falah\\alexanet_appv1\\public\\index.php')
CRITICAL - 2023-06-07 07:17:29 --> Undefined array key "member"
in APPPATH\Views\admin\index.php on line 28.
 1 APPPATH\Views\admin\index.php(28): CodeIgniter\Debug\Exceptions->errorHandler(2, 'Undefined array key "member"', 'D:\\Kuliah\\Semester 8\\PA Falah\\alexanet_appv1\\app\\Views\\admin\\index.php', 28)
 2 SYSTEMPATH\View\View.php(213): include('D:\\Kuliah\\Semester 8\\PA Falah\\alexanet_appv1\\app\\Views\\admin\\index.php')
 3 SYSTEMPATH\View\View.php(216): CodeIgniter\View\View->CodeIgniter\View\{closure}()
 4 SYSTEMPATH\Common.php(1184): CodeIgniter\View\View->render('admin/index.php', [], true)
 5 APPPATH\Controllers\Admin.php(25): view('admin/index.php', [...])
 6 SYSTEMPATH\CodeIgniter.php(934): App\Controllers\Admin->index()
 7 SYSTEMPATH\CodeIgniter.php(499): CodeIgniter\CodeIgniter->runController(Object(App\Controllers\Admin))
 8 SYSTEMPATH\CodeIgniter.php(368): CodeIgniter\CodeIgniter->handleRequest(null, Object(Config\Cache), false)
 9 FCPATH\index.php(67): CodeIgniter\CodeIgniter->run()
10 SYSTEMPATH\Commands\Server\rewrite.php(47): require_once('D:\\Kuliah\\Semester 8\\PA Falah\\alexanet_appv1\\public\\index.php')
CRITICAL - 2023-06-07 07:19:55 --> Undefined variable $pemasangan
in APPPATH\Views\admin\index.php on line 59.
 1 APPPATH\Views\admin\index.php(59): CodeIgniter\Debug\Exceptions->errorHandler(2, 'Undefined variable $pemasangan', 'D:\\Kuliah\\Semester 8\\PA Falah\\alexanet_appv1\\app\\Views\\admin\\index.php', 59)
 2 SYSTEMPATH\View\View.php(213): include('D:\\Kuliah\\Semester 8\\PA Falah\\alexanet_appv1\\app\\Views\\admin\\index.php')
 3 SYSTEMPATH\View\View.php(216): CodeIgniter\View\View->CodeIgniter\View\{closure}()
 4 SYSTEMPATH\Common.php(1184): CodeIgniter\View\View->render('admin/index.php', [], true)
 5 APPPATH\Controllers\Admin.php(25): view('admin/index.php', [...])
 6 SYSTEMPATH\CodeIgniter.php(934): App\Controllers\Admin->index()
 7 SYSTEMPATH\CodeIgniter.php(499): CodeIgniter\CodeIgniter->runController(Object(App\Controllers\Admin))
 8 SYSTEMPATH\CodeIgniter.php(368): CodeIgniter\CodeIgniter->handleRequest(null, Object(Config\Cache), false)
 9 FCPATH\index.php(67): CodeIgniter\CodeIgniter->run()
10 SYSTEMPATH\Commands\Server\rewrite.php(47): require_once('D:\\Kuliah\\Semester 8\\PA Falah\\alexanet_appv1\\public\\index.php')
ERROR - 2023-06-07 07:38:15 --> mysqli_sql_exception: Column 'username' cannot be null in D:\Kuliah\Semester 8\PA Falah\alexanet_appv1\system\Database\MySQLi\Connection.php:295
Stack trace:
#0 D:\Kuliah\Semester 8\PA Falah\alexanet_appv1\system\Database\MySQLi\Connection.php(295): mysqli->query('INSERT INTO `us...', 0)
#1 D:\Kuliah\Semester 8\PA Falah\alexanet_appv1\system\Database\BaseConnection.php(692): CodeIgniter\Database\MySQLi\Connection->execute('INSERT INTO `us...')
#2 D:\Kuliah\Semester 8\PA Falah\alexanet_appv1\system\Database\BaseConnection.php(606): CodeIgniter\Database\BaseConnection->simpleQuery('INSERT INTO `us...')
#3 D:\Kuliah\Semester 8\PA Falah\alexanet_appv1\system\Database\BaseBuilder.php(2309): CodeIgniter\Database\BaseConnection->query('INSERT INTO `us...', Array, false)
#4 D:\Kuliah\Semester 8\PA Falah\alexanet_appv1\system\Model.php(330): CodeIgniter\Database\BaseBuilder->insert()
#5 D:\Kuliah\Semester 8\PA Falah\alexanet_appv1\system\BaseModel.php(782): CodeIgniter\Model->doInsert(Array)
#6 D:\Kuliah\Semester 8\PA Falah\alexanet_appv1\system\Model.php(730): CodeIgniter\BaseModel->insert(Array, true)
#7 D:\Kuliah\Semester 8\PA Falah\alexanet_appv1\app\Controllers\Pesan.php(85): CodeIgniter\Model->insert(Array)
#8 D:\Kuliah\Semester 8\PA Falah\alexanet_appv1\system\CodeIgniter.php(934): App\Controllers\Pesan->Konfirmasi()
#9 D:\Kuliah\Semester 8\PA Falah\alexanet_appv1\system\CodeIgniter.php(499): CodeIgniter\CodeIgniter->runController(Object(App\Controllers\Pesan))
#10 D:\Kuliah\Semester 8\PA Falah\alexanet_appv1\system\CodeIgniter.php(368): CodeIgniter\CodeIgniter->handleRequest(NULL, Object(Config\Cache), false)
#11 D:\Kuliah\Semester 8\PA Falah\alexanet_appv1\public\index.php(67): CodeIgniter\CodeIgniter->run()
#12 D:\Kuliah\Semester 8\PA Falah\alexanet_appv1\system\Commands\Server\rewrite.php(47): require_once('D:\\Kuliah\\Semes...')
#13 {main}
CRITICAL - 2023-06-07 07:38:15 --> Column 'username' cannot be null
in SYSTEMPATH\Database\MySQLi\Connection.php on line 295.
 1 SYSTEMPATH\Database\MySQLi\Connection.php(295): mysqli->query('INSERT INTO `users` (`user_id`, `username`, `password`, `role`) VALUES (\'USR648033e7b4122\', NULL, NULL, \'member\')', 0)
 2 SYSTEMPATH\Database\BaseConnection.php(692): CodeIgniter\Database\MySQLi\Connection->execute('INSERT INTO `users` (`user_id`, `username`, `password`, `role`) VALUES (\'USR648033e7b4122\', NULL, NULL, \'member\')')
 3 SYSTEMPATH\Database\BaseConnection.php(606): CodeIgniter\Database\BaseConnection->simpleQuery('INSERT INTO `users` (`user_id`, `username`, `password`, `role`) VALUES (\'USR648033e7b4122\', NULL, NULL, \'member\')')
 4 SYSTEMPATH\Database\BaseBuilder.php(2309): CodeIgniter\Database\BaseConnection->query('INSERT INTO `users` (`user_id`, `username`, `password`, `role`) VALUES (:user_id:, :username:, :password:, :role:)', [...], false)
 5 SYSTEMPATH\Model.php(330): CodeIgniter\Database\BaseBuilder->insert()
 6 SYSTEMPATH\BaseModel.php(782): CodeIgniter\Model->doInsert([...])
 7 SYSTEMPATH\Model.php(730): CodeIgniter\BaseModel->insert([...], true)
 8 APPPATH\Controllers\Pesan.php(85): CodeIgniter\Model->insert([...])
 9 SYSTEMPATH\CodeIgniter.php(934): App\Controllers\Pesan->Konfirmasi()
10 SYSTEMPATH\CodeIgniter.php(499): CodeIgniter\CodeIgniter->runController(Object(App\Controllers\Pesan))
11 SYSTEMPATH\CodeIgniter.php(368): CodeIgniter\CodeIgniter->handleRequest(null, Object(Config\Cache), false)
12 FCPATH\index.php(67): CodeIgniter\CodeIgniter->run()
13 SYSTEMPATH\Commands\Server\rewrite.php(47): require_once('D:\\Kuliah\\Semester 8\\PA Falah\\alexanet_appv1\\public\\index.php')
CRITICAL - 2023-06-07 07:41:43 --> Undefined variable $pemasangan
in APPPATH\Views\admin\pesan\list_pesan_pencopotan.php on line 42.
 1 APPPATH\Views\admin\pesan\list_pesan_pencopotan.php(42): CodeIgniter\Debug\Exceptions->errorHandler(2, 'Undefined variable $pemasangan', 'D:\\Kuliah\\Semester 8\\PA Falah\\alexanet_appv1\\app\\Views\\admin\\pesan\\list_pesan_pencopotan.php', 42)
 2 SYSTEMPATH\View\View.php(213): include('D:\\Kuliah\\Semester 8\\PA Falah\\alexanet_appv1\\app\\Views\\admin\\pesan\\list_pesan_pencopotan.php')
 3 SYSTEMPATH\View\View.php(216): CodeIgniter\View\View->CodeIgniter\View\{closure}()
 4 SYSTEMPATH\Common.php(1184): CodeIgniter\View\View->render('admin/pesan/list_pesan_pencopotan.php', [], true)
 5 APPPATH\Controllers\Pesan.php(54): view('admin/pesan/list_pesan_pencopotan.php')
 6 SYSTEMPATH\CodeIgniter.php(934): App\Controllers\Pesan->listPesan('pencopotan')
 7 SYSTEMPATH\CodeIgniter.php(499): CodeIgniter\CodeIgniter->runController(Object(App\Controllers\Pesan))
 8 SYSTEMPATH\CodeIgniter.php(368): CodeIgniter\CodeIgniter->handleRequest(null, Object(Config\Cache), false)
 9 FCPATH\index.php(67): CodeIgniter\CodeIgniter->run()
10 SYSTEMPATH\Commands\Server\rewrite.php(47): require_once('D:\\Kuliah\\Semester 8\\PA Falah\\alexanet_appv1\\public\\index.php')
ERROR - 2023-06-07 10:27:09 --> mysqli_sql_exception: Unknown table 'alexanet_db.messages' in D:\Kuliah\Semester 8\PA Falah\alexanet_appv1\system\Database\MySQLi\Connection.php:295
Stack trace:
#0 D:\Kuliah\Semester 8\PA Falah\alexanet_appv1\system\Database\MySQLi\Connection.php(295): mysqli->query('SELECT messages...', 0)
#1 D:\Kuliah\Semester 8\PA Falah\alexanet_appv1\system\Database\BaseConnection.php(692): CodeIgniter\Database\MySQLi\Connection->execute('SELECT messages...')
#2 D:\Kuliah\Semester 8\PA Falah\alexanet_appv1\system\Database\BaseConnection.php(606): CodeIgniter\Database\BaseConnection->simpleQuery('SELECT messages...')
#3 D:\Kuliah\Semester 8\PA Falah\alexanet_appv1\app\Controllers\Pesan.php(47): CodeIgniter\Database\BaseConnection->query('SELECT messages...')
#4 D:\Kuliah\Semester 8\PA Falah\alexanet_appv1\system\CodeIgniter.php(934): App\Controllers\Pesan->listPesan('pencopotan')
#5 D:\Kuliah\Semester 8\PA Falah\alexanet_appv1\system\CodeIgniter.php(499): CodeIgniter\CodeIgniter->runController(Object(App\Controllers\Pesan))
#6 D:\Kuliah\Semester 8\PA Falah\alexanet_appv1\system\CodeIgniter.php(368): CodeIgniter\CodeIgniter->handleRequest(NULL, Object(Config\Cache), false)
#7 D:\Kuliah\Semester 8\PA Falah\alexanet_appv1\public\index.php(67): CodeIgniter\CodeIgniter->run()
#8 D:\Kuliah\Semester 8\PA Falah\alexanet_appv1\system\Commands\Server\rewrite.php(47): require_once('D:\\Kuliah\\Semes...')
#9 {main}
CRITICAL - 2023-06-07 10:27:09 --> Unknown table 'alexanet_db.messages'
in SYSTEMPATH\Database\MySQLi\Connection.php on line 295.
 1 SYSTEMPATH\Database\MySQLi\Connection.php(295): mysqli->query('SELECT messages.*, members.*', 0)
 2 SYSTEMPATH\Database\BaseConnection.php(692): CodeIgniter\Database\MySQLi\Connection->execute('SELECT messages.*, members.*')
 3 SYSTEMPATH\Database\BaseConnection.php(606): CodeIgniter\Database\BaseConnection->simpleQuery('SELECT messages.*, members.*')
 4 APPPATH\Controllers\Pesan.php(47): CodeIgniter\Database\BaseConnection->query('SELECT messages.*, members.*')
 5 SYSTEMPATH\CodeIgniter.php(934): App\Controllers\Pesan->listPesan('pencopotan')
 6 SYSTEMPATH\CodeIgniter.php(499): CodeIgniter\CodeIgniter->runController(Object(App\Controllers\Pesan))
 7 SYSTEMPATH\CodeIgniter.php(368): CodeIgniter\CodeIgniter->handleRequest(null, Object(Config\Cache), false)
 8 FCPATH\index.php(67): CodeIgniter\CodeIgniter->run()
 9 SYSTEMPATH\Commands\Server\rewrite.php(47): require_once('D:\\Kuliah\\Semester 8\\PA Falah\\alexanet_appv1\\public\\index.php')
ERROR - 2023-06-07 10:27:26 --> mysqli_sql_exception: Unknown table 'alexanet_db.messeges' in D:\Kuliah\Semester 8\PA Falah\alexanet_appv1\system\Database\MySQLi\Connection.php:295
Stack trace:
#0 D:\Kuliah\Semester 8\PA Falah\alexanet_appv1\system\Database\MySQLi\Connection.php(295): mysqli->query('SELECT messeges...', 0)
#1 D:\Kuliah\Semester 8\PA Falah\alexanet_appv1\system\Database\BaseConnection.php(692): CodeIgniter\Database\MySQLi\Connection->execute('SELECT messeges...')
#2 D:\Kuliah\Semester 8\PA Falah\alexanet_appv1\system\Database\BaseConnection.php(606): CodeIgniter\Database\BaseConnection->simpleQuery('SELECT messeges...')
#3 D:\Kuliah\Semester 8\PA Falah\alexanet_appv1\app\Controllers\Pesan.php(47): CodeIgniter\Database\BaseConnection->query('SELECT messeges...')
#4 D:\Kuliah\Semester 8\PA Falah\alexanet_appv1\system\CodeIgniter.php(934): App\Controllers\Pesan->listPesan('pencopotan')
#5 D:\Kuliah\Semester 8\PA Falah\alexanet_appv1\system\CodeIgniter.php(499): CodeIgniter\CodeIgniter->runController(Object(App\Controllers\Pesan))
#6 D:\Kuliah\Semester 8\PA Falah\alexanet_appv1\system\CodeIgniter.php(368): CodeIgniter\CodeIgniter->handleRequest(NULL, Object(Config\Cache), false)
#7 D:\Kuliah\Semester 8\PA Falah\alexanet_appv1\public\index.php(67): CodeIgniter\CodeIgniter->run()
#8 D:\Kuliah\Semester 8\PA Falah\alexanet_appv1\system\Commands\Server\rewrite.php(47): require_once('D:\\Kuliah\\Semes...')
#9 {main}
CRITICAL - 2023-06-07 10:27:26 --> Unknown table 'alexanet_db.messeges'
in SYSTEMPATH\Database\MySQLi\Connection.php on line 295.
 1 SYSTEMPATH\Database\MySQLi\Connection.php(295): mysqli->query('SELECT messeges.*, members.*', 0)
 2 SYSTEMPATH\Database\BaseConnection.php(692): CodeIgniter\Database\MySQLi\Connection->execute('SELECT messeges.*, members.*')
 3 SYSTEMPATH\Database\BaseConnection.php(606): CodeIgniter\Database\BaseConnection->simpleQuery('SELECT messeges.*, members.*')
 4 APPPATH\Controllers\Pesan.php(47): CodeIgniter\Database\BaseConnection->query('SELECT messeges.*, members.*')
 5 SYSTEMPATH\CodeIgniter.php(934): App\Controllers\Pesan->listPesan('pencopotan')
 6 SYSTEMPATH\CodeIgniter.php(499): CodeIgniter\CodeIgniter->runController(Object(App\Controllers\Pesan))
 7 SYSTEMPATH\CodeIgniter.php(368): CodeIgniter\CodeIgniter->handleRequest(null, Object(Config\Cache), false)
 8 FCPATH\index.php(67): CodeIgniter\CodeIgniter->run()
 9 SYSTEMPATH\Commands\Server\rewrite.php(47): require_once('D:\\Kuliah\\Semester 8\\PA Falah\\alexanet_appv1\\public\\index.php')
ERROR - 2023-06-07 11:11:36 --> mysqli_sql_exception: Unknown column 'members.custumer_id' in 'where clause' in D:\Kuliah\Semester 8\PA Falah\alexanet_appv1\system\Database\MySQLi\Connection.php:295
Stack trace:
#0 D:\Kuliah\Semester 8\PA Falah\alexanet_appv1\system\Database\MySQLi\Connection.php(295): mysqli->query('SELECT members....', 0)
#1 D:\Kuliah\Semester 8\PA Falah\alexanet_appv1\system\Database\BaseConnection.php(692): CodeIgniter\Database\MySQLi\Connection->execute('SELECT members....')
#2 D:\Kuliah\Semester 8\PA Falah\alexanet_appv1\system\Database\BaseConnection.php(606): CodeIgniter\Database\BaseConnection->simpleQuery('SELECT members....')
#3 D:\Kuliah\Semester 8\PA Falah\alexanet_appv1\app\Controllers\User.php(14): CodeIgniter\Database\BaseConnection->query('SELECT members....')
#4 D:\Kuliah\Semester 8\PA Falah\alexanet_appv1\system\CodeIgniter.php(934): App\Controllers\User->index()
#5 D:\Kuliah\Semester 8\PA Falah\alexanet_appv1\system\CodeIgniter.php(499): CodeIgniter\CodeIgniter->runController(Object(App\Controllers\User))
#6 D:\Kuliah\Semester 8\PA Falah\alexanet_appv1\system\CodeIgniter.php(368): CodeIgniter\CodeIgniter->handleRequest(NULL, Object(Config\Cache), false)
#7 D:\Kuliah\Semester 8\PA Falah\alexanet_appv1\public\index.php(67): CodeIgniter\CodeIgniter->run()
#8 D:\Kuliah\Semester 8\PA Falah\alexanet_appv1\system\Commands\Server\rewrite.php(47): require_once('D:\\Kuliah\\Semes...')
#9 {main}
CRITICAL - 2023-06-07 11:11:37 --> Unknown column 'members.custumer_id' in 'where clause'
in SYSTEMPATH\Database\MySQLi\Connection.php on line 295.
 1 SYSTEMPATH\Database\MySQLi\Connection.php(295): mysqli->query('SELECT members.*, users.*, packets.*, customers.* 
        FROM members, users, packets, customers 
        WHERE members.user_id=users.user_id 
        AND members.custumer_id=customers.customer_id 
        AND members.packet_id=packets.packet_code 
        AND users.username=\'fahmi629@alexanet.com\'', 0)
 2 SYSTEMPATH\Database\BaseConnection.php(692): CodeIgniter\Database\MySQLi\Connection->execute('SELECT members.*, users.*, packets.*, customers.* 
        FROM members, users, packets, customers 
        WHERE members.user_id=users.user_id 
        AND members.custumer_id=customers.customer_id 
        AND members.packet_id=packets.packet_code 
        AND users.username=\'fahmi629@alexanet.com\'')
 3 SYSTEMPATH\Database\BaseConnection.php(606): CodeIgniter\Database\BaseConnection->simpleQuery('SELECT members.*, users.*, packets.*, customers.* 
        FROM members, users, packets, customers 
        WHERE members.user_id=users.user_id 
        AND members.custumer_id=customers.customer_id 
        AND members.packet_id=packets.packet_code 
        AND users.username=\'fahmi629@alexanet.com\'')
 4 APPPATH\Controllers\User.php(14): CodeIgniter\Database\BaseConnection->query('SELECT members.*, users.*, packets.*, customers.* 
        FROM members, users, packets, customers 
        WHERE members.user_id=users.user_id 
        AND members.custumer_id=customers.customer_id 
        AND members.packet_id=packets.packet_code 
        AND users.username=\'fahmi629@alexanet.com\'')
 5 SYSTEMPATH\CodeIgniter.php(934): App\Controllers\User->index()
 6 SYSTEMPATH\CodeIgniter.php(499): CodeIgniter\CodeIgniter->runController(Object(App\Controllers\User))
 7 SYSTEMPATH\CodeIgniter.php(368): CodeIgniter\CodeIgniter->handleRequest(null, Object(Config\Cache), false)
 8 FCPATH\index.php(67): CodeIgniter\CodeIgniter->run()
 9 SYSTEMPATH\Commands\Server\rewrite.php(47): require_once('D:\\Kuliah\\Semester 8\\PA Falah\\alexanet_appv1\\public\\index.php')
ERROR - 2023-06-07 11:11:46 --> mysqli_sql_exception: Unknown column 'members.costumer_id' in 'where clause' in D:\Kuliah\Semester 8\PA Falah\alexanet_appv1\system\Database\MySQLi\Connection.php:295
Stack trace:
#0 D:\Kuliah\Semester 8\PA Falah\alexanet_appv1\system\Database\MySQLi\Connection.php(295): mysqli->query('SELECT members....', 0)
#1 D:\Kuliah\Semester 8\PA Falah\alexanet_appv1\system\Database\BaseConnection.php(692): CodeIgniter\Database\MySQLi\Connection->execute('SELECT members....')
#2 D:\Kuliah\Semester 8\PA Falah\alexanet_appv1\system\Database\BaseConnection.php(606): CodeIgniter\Database\BaseConnection->simpleQuery('SELECT members....')
#3 D:\Kuliah\Semester 8\PA Falah\alexanet_appv1\app\Controllers\User.php(14): CodeIgniter\Database\BaseConnection->query('SELECT members....')
#4 D:\Kuliah\Semester 8\PA Falah\alexanet_appv1\system\CodeIgniter.php(934): App\Controllers\User->index()
#5 D:\Kuliah\Semester 8\PA Falah\alexanet_appv1\system\CodeIgniter.php(499): CodeIgniter\CodeIgniter->runController(Object(App\Controllers\User))
#6 D:\Kuliah\Semester 8\PA Falah\alexanet_appv1\system\CodeIgniter.php(368): CodeIgniter\CodeIgniter->handleRequest(NULL, Object(Config\Cache), false)
#7 D:\Kuliah\Semester 8\PA Falah\alexanet_appv1\public\index.php(67): CodeIgniter\CodeIgniter->run()
#8 D:\Kuliah\Semester 8\PA Falah\alexanet_appv1\system\Commands\Server\rewrite.php(47): require_once('D:\\Kuliah\\Semes...')
#9 {main}
CRITICAL - 2023-06-07 11:11:46 --> Unknown column 'members.costumer_id' in 'where clause'
in SYSTEMPATH\Database\MySQLi\Connection.php on line 295.
 1 SYSTEMPATH\Database\MySQLi\Connection.php(295): mysqli->query('SELECT members.*, users.*, packets.*, customers.* 
        FROM members, users, packets, customers 
        WHERE members.user_id=users.user_id 
        AND members.costumer_id=customers.customer_id 
        AND members.packet_id=packets.packet_code 
        AND users.username=\'fahmi629@alexanet.com\'', 0)
 2 SYSTEMPATH\Database\BaseConnection.php(692): CodeIgniter\Database\MySQLi\Connection->execute('SELECT members.*, users.*, packets.*, customers.* 
        FROM members, users, packets, customers 
        WHERE members.user_id=users.user_id 
        AND members.costumer_id=customers.customer_id 
        AND members.packet_id=packets.packet_code 
        AND users.username=\'fahmi629@alexanet.com\'')
 3 SYSTEMPATH\Database\BaseConnection.php(606): CodeIgniter\Database\BaseConnection->simpleQuery('SELECT members.*, users.*, packets.*, customers.* 
        FROM members, users, packets, customers 
        WHERE members.user_id=users.user_id 
        AND members.costumer_id=customers.customer_id 
        AND members.packet_id=packets.packet_code 
        AND users.username=\'fahmi629@alexanet.com\'')
 4 APPPATH\Controllers\User.php(14): CodeIgniter\Database\BaseConnection->query('SELECT members.*, users.*, packets.*, customers.* 
        FROM members, users, packets, customers 
        WHERE members.user_id=users.user_id 
        AND members.costumer_id=customers.customer_id 
        AND members.packet_id=packets.packet_code 
        AND users.username=\'fahmi629@alexanet.com\'')
 5 SYSTEMPATH\CodeIgniter.php(934): App\Controllers\User->index()
 6 SYSTEMPATH\CodeIgniter.php(499): CodeIgniter\CodeIgniter->runController(Object(App\Controllers\User))
 7 SYSTEMPATH\CodeIgniter.php(368): CodeIgniter\CodeIgniter->handleRequest(null, Object(Config\Cache), false)
 8 FCPATH\index.php(67): CodeIgniter\CodeIgniter->run()
 9 SYSTEMPATH\Commands\Server\rewrite.php(47): require_once('D:\\Kuliah\\Semester 8\\PA Falah\\alexanet_appv1\\public\\index.php')
CRITICAL - 2023-06-07 11:11:57 --> Array to string conversion
in APPPATH\Views\layout\user_layout.php on line 10.
 1 APPPATH\Views\layout\user_layout.php(10): CodeIgniter\Debug\Exceptions->errorHandler(2, 'Array to string conversion', 'D:\\Kuliah\\Semester 8\\PA Falah\\alexanet_appv1\\app\\Views\\layout\\user_layout.php', 10)
 2 SYSTEMPATH\View\View.php(213): include('D:\\Kuliah\\Semester 8\\PA Falah\\alexanet_appv1\\app\\Views\\layout\\user_layout.php')
 3 SYSTEMPATH\View\View.php(216): CodeIgniter\View\View->CodeIgniter\View\{closure}()
 4 SYSTEMPATH\View\View.php(229): CodeIgniter\View\View->render('layout/user_layout.php', [], true)
 5 SYSTEMPATH\Common.php(1184): CodeIgniter\View\View->render('user/index.php', [], true)
 6 APPPATH\Controllers\User.php(22): view('user/index.php', [...])
 7 SYSTEMPATH\CodeIgniter.php(934): App\Controllers\User->index()
 8 SYSTEMPATH\CodeIgniter.php(499): CodeIgniter\CodeIgniter->runController(Object(App\Controllers\User))
 9 SYSTEMPATH\CodeIgniter.php(368): CodeIgniter\CodeIgniter->handleRequest(null, Object(Config\Cache), false)
10 FCPATH\index.php(67): CodeIgniter\CodeIgniter->run()
11 SYSTEMPATH\Commands\Server\rewrite.php(47): require_once('D:\\Kuliah\\Semester 8\\PA Falah\\alexanet_appv1\\public\\index.php')
CRITICAL - 2023-06-07 11:13:32 --> Undefined variable $user
in APPPATH\Views\layout\user_layout.php on line 10.
 1 APPPATH\Views\layout\user_layout.php(10): CodeIgniter\Debug\Exceptions->errorHandler(2, 'Undefined variable $user', 'D:\\Kuliah\\Semester 8\\PA Falah\\alexanet_appv1\\app\\Views\\layout\\user_layout.php', 10)
 2 SYSTEMPATH\View\View.php(213): include('D:\\Kuliah\\Semester 8\\PA Falah\\alexanet_appv1\\app\\Views\\layout\\user_layout.php')
 3 SYSTEMPATH\View\View.php(216): CodeIgniter\View\View->CodeIgniter\View\{closure}()
 4 SYSTEMPATH\View\View.php(229): CodeIgniter\View\View->render('layout/user_layout.php', [], true)
 5 SYSTEMPATH\Common.php(1184): CodeIgniter\View\View->render('user/upgrade.php', [], true)
 6 APPPATH\Controllers\User.php(27): view('user/upgrade.php')
 7 SYSTEMPATH\CodeIgniter.php(934): App\Controllers\User->upgrade()
 8 SYSTEMPATH\CodeIgniter.php(499): CodeIgniter\CodeIgniter->runController(Object(App\Controllers\User))
 9 SYSTEMPATH\CodeIgniter.php(368): CodeIgniter\CodeIgniter->handleRequest(null, Object(Config\Cache), false)
10 FCPATH\index.php(67): CodeIgniter\CodeIgniter->run()
11 SYSTEMPATH\Commands\Server\rewrite.php(47): require_once('D:\\Kuliah\\Semester 8\\PA Falah\\alexanet_appv1\\public\\index.php')
CRITICAL - 2023-06-07 11:15:42 --> Undefined variable $user
in APPPATH\Views\layout\user_layout.php on line 10.
 1 APPPATH\Views\layout\user_layout.php(10): CodeIgniter\Debug\Exceptions->errorHandler(2, 'Undefined variable $user', 'D:\\Kuliah\\Semester 8\\PA Falah\\alexanet_appv1\\app\\Views\\layout\\user_layout.php', 10)
 2 SYSTEMPATH\View\View.php(213): include('D:\\Kuliah\\Semester 8\\PA Falah\\alexanet_appv1\\app\\Views\\layout\\user_layout.php')
 3 SYSTEMPATH\View\View.php(216): CodeIgniter\View\View->CodeIgniter\View\{closure}()
 4 SYSTEMPATH\View\View.php(229): CodeIgniter\View\View->render('layout/user_layout.php', [], true)
 5 SYSTEMPATH\Common.php(1184): CodeIgniter\View\View->render('user/upgrade.php', [], true)
 6 APPPATH\Controllers\User.php(27): view('user/upgrade.php')
 7 SYSTEMPATH\CodeIgniter.php(934): App\Controllers\User->upgrade()
 8 SYSTEMPATH\CodeIgniter.php(499): CodeIgniter\CodeIgniter->runController(Object(App\Controllers\User))
 9 SYSTEMPATH\CodeIgniter.php(368): CodeIgniter\CodeIgniter->handleRequest(null, Object(Config\Cache), false)
10 FCPATH\index.php(67): CodeIgniter\CodeIgniter->run()
11 SYSTEMPATH\Commands\Server\rewrite.php(47): require_once('D:\\Kuliah\\Semester 8\\PA Falah\\alexanet_appv1\\public\\index.php')
CRITICAL - 2023-06-07 11:41:37 --> Undefined variable $data
in APPPATH\Views\user\upgrade.php on line 26.
 1 APPPATH\Views\user\upgrade.php(26): CodeIgniter\Debug\Exceptions->errorHandler(2, 'Undefined variable $data', 'D:\\Kuliah\\Semester 8\\PA Falah\\alexanet_appv1\\app\\Views\\user\\upgrade.php', 26)
 2 SYSTEMPATH\View\View.php(213): include('D:\\Kuliah\\Semester 8\\PA Falah\\alexanet_appv1\\app\\Views\\user\\upgrade.php')
 3 SYSTEMPATH\View\View.php(216): CodeIgniter\View\View->CodeIgniter\View\{closure}()
 4 SYSTEMPATH\Common.php(1184): CodeIgniter\View\View->render('user/upgrade.php', [], true)
 5 APPPATH\Controllers\User.php(30): view('user/upgrade.php', [...])
 6 SYSTEMPATH\CodeIgniter.php(934): App\Controllers\User->upgrade()
 7 SYSTEMPATH\CodeIgniter.php(499): CodeIgniter\CodeIgniter->runController(Object(App\Controllers\User))
 8 SYSTEMPATH\CodeIgniter.php(368): CodeIgniter\CodeIgniter->handleRequest(null, Object(Config\Cache), false)
 9 FCPATH\index.php(67): CodeIgniter\CodeIgniter->run()
10 SYSTEMPATH\Commands\Server\rewrite.php(47): require_once('D:\\Kuliah\\Semester 8\\PA Falah\\alexanet_appv1\\public\\index.php')
CRITICAL - 2023-06-07 15:44:41 --> Array to string conversion
in APPPATH\Controllers\User.php on line 38.
 1 APPPATH\Controllers\User.php(38): CodeIgniter\Debug\Exceptions->errorHandler(2, 'Array to string conversion', 'D:\\Kuliah\\Semester 8\\PA Falah\\alexanet_appv1\\app\\Controllers\\User.php', 38)
 2 SYSTEMPATH\CodeIgniter.php(934): App\Controllers\User->getPacketByCode()
 3 SYSTEMPATH\CodeIgniter.php(499): CodeIgniter\CodeIgniter->runController(Object(App\Controllers\User))
 4 SYSTEMPATH\CodeIgniter.php(368): CodeIgniter\CodeIgniter->handleRequest(null, Object(Config\Cache), false)
 5 FCPATH\index.php(67): CodeIgniter\CodeIgniter->run()
 6 SYSTEMPATH\Commands\Server\rewrite.php(47): require_once('D:\\Kuliah\\Semester 8\\PA Falah\\alexanet_appv1\\public\\index.php')
CRITICAL - 2023-06-07 16:35:41 --> Undefined array key "id"
in APPPATH\Controllers\User.php on line 57.
 1 APPPATH\Controllers\User.php(57): CodeIgniter\Debug\Exceptions->errorHandler(2, 'Undefined array key "id"', 'D:\\Kuliah\\Semester 8\\PA Falah\\alexanet_appv1\\app\\Controllers\\User.php', 57)
 2 SYSTEMPATH\CodeIgniter.php(934): App\Controllers\User->upgradeProcess()
 3 SYSTEMPATH\CodeIgniter.php(499): CodeIgniter\CodeIgniter->runController(Object(App\Controllers\User))
 4 SYSTEMPATH\CodeIgniter.php(368): CodeIgniter\CodeIgniter->handleRequest(null, Object(Config\Cache), false)
 5 FCPATH\index.php(67): CodeIgniter\CodeIgniter->run()
 6 SYSTEMPATH\Commands\Server\rewrite.php(47): require_once('D:\\Kuliah\\Semester 8\\PA Falah\\alexanet_appv1\\public\\index.php')
ERROR - 2023-06-07 16:39:48 --> mysqli_sql_exception: Operand should contain 1 column(s) in D:\Kuliah\Semester 8\PA Falah\alexanet_appv1\system\Database\MySQLi\Connection.php:295
Stack trace:
#0 D:\Kuliah\Semester 8\PA Falah\alexanet_appv1\system\Database\MySQLi\Connection.php(295): mysqli->query('INSERT INTO `me...', 0)
#1 D:\Kuliah\Semester 8\PA Falah\alexanet_appv1\system\Database\BaseConnection.php(692): CodeIgniter\Database\MySQLi\Connection->execute('INSERT INTO `me...')
#2 D:\Kuliah\Semester 8\PA Falah\alexanet_appv1\system\Database\BaseConnection.php(606): CodeIgniter\Database\BaseConnection->simpleQuery('INSERT INTO `me...')
#3 D:\Kuliah\Semester 8\PA Falah\alexanet_appv1\system\Database\BaseBuilder.php(2309): CodeIgniter\Database\BaseConnection->query('INSERT INTO `me...', Array, false)
#4 D:\Kuliah\Semester 8\PA Falah\alexanet_appv1\system\Model.php(330): CodeIgniter\Database\BaseBuilder->insert()
#5 D:\Kuliah\Semester 8\PA Falah\alexanet_appv1\system\BaseModel.php(782): CodeIgniter\Model->doInsert(Array)
#6 D:\Kuliah\Semester 8\PA Falah\alexanet_appv1\system\Model.php(730): CodeIgniter\BaseModel->insert(Array, true)
#7 D:\Kuliah\Semester 8\PA Falah\alexanet_appv1\app\Controllers\User.php(72): CodeIgniter\Model->insert(Array)
#8 D:\Kuliah\Semester 8\PA Falah\alexanet_appv1\system\CodeIgniter.php(934): App\Controllers\User->upgradeProcess()
#9 D:\Kuliah\Semester 8\PA Falah\alexanet_appv1\system\CodeIgniter.php(499): CodeIgniter\CodeIgniter->runController(Object(App\Controllers\User))
#10 D:\Kuliah\Semester 8\PA Falah\alexanet_appv1\system\CodeIgniter.php(368): CodeIgniter\CodeIgniter->handleRequest(NULL, Object(Config\Cache), false)
#11 D:\Kuliah\Semester 8\PA Falah\alexanet_appv1\public\index.php(67): CodeIgniter\CodeIgniter->run()
#12 D:\Kuliah\Semester 8\PA Falah\alexanet_appv1\system\Commands\Server\rewrite.php(47): require_once('D:\\Kuliah\\Semes...')
#13 {main}
CRITICAL - 2023-06-07 16:39:48 --> Operand should contain 1 column(s)
in SYSTEMPATH\Database\MySQLi\Connection.php on line 295.
 1 SYSTEMPATH\Database\MySQLi\Connection.php(295): mysqli->query('INSERT INTO `messages` (`member_id`, `jenis_pesan`, `keterangan`, `status`) VALUES (\'2\', \'upgrade\', (\'R2\',\'\'), \'unread\')', 0)
 2 SYSTEMPATH\Database\BaseConnection.php(692): CodeIgniter\Database\MySQLi\Connection->execute('INSERT INTO `messages` (`member_id`, `jenis_pesan`, `keterangan`, `status`) VALUES (\'2\', \'upgrade\', (\'R2\',\'\'), \'unread\')')
 3 SYSTEMPATH\Database\BaseConnection.php(606): CodeIgniter\Database\BaseConnection->simpleQuery('INSERT INTO `messages` (`member_id`, `jenis_pesan`, `keterangan`, `status`) VALUES (\'2\', \'upgrade\', (\'R2\',\'\'), \'unread\')')
 4 SYSTEMPATH\Database\BaseBuilder.php(2309): CodeIgniter\Database\BaseConnection->query('INSERT INTO `messages` (`member_id`, `jenis_pesan`, `keterangan`, `status`) VALUES (:member_id:, :jenis_pesan:, :keterangan:, :status:)', [...], false)
 5 SYSTEMPATH\Model.php(330): CodeIgniter\Database\BaseBuilder->insert()
 6 SYSTEMPATH\BaseModel.php(782): CodeIgniter\Model->doInsert([...])
 7 SYSTEMPATH\Model.php(730): CodeIgniter\BaseModel->insert([...], true)
 8 APPPATH\Controllers\User.php(72): CodeIgniter\Model->insert([...])
 9 SYSTEMPATH\CodeIgniter.php(934): App\Controllers\User->upgradeProcess()
10 SYSTEMPATH\CodeIgniter.php(499): CodeIgniter\CodeIgniter->runController(Object(App\Controllers\User))
11 SYSTEMPATH\CodeIgniter.php(368): CodeIgniter\CodeIgniter->handleRequest(null, Object(Config\Cache), false)
12 FCPATH\index.php(67): CodeIgniter\CodeIgniter->run()
13 SYSTEMPATH\Commands\Server\rewrite.php(47): require_once('D:\\Kuliah\\Semester 8\\PA Falah\\alexanet_appv1\\public\\index.php')
CRITICAL - 2023-06-07 16:42:30 --> Array to string conversion
in APPPATH\Controllers\User.php on line 67.
 1 APPPATH\Controllers\User.php(67): CodeIgniter\Debug\Exceptions->errorHandler(2, 'Array to string conversion', 'D:\\Kuliah\\Semester 8\\PA Falah\\alexanet_appv1\\app\\Controllers\\User.php', 67)
 2 SYSTEMPATH\CodeIgniter.php(934): App\Controllers\User->upgradeProcess()
 3 SYSTEMPATH\CodeIgniter.php(499): CodeIgniter\CodeIgniter->runController(Object(App\Controllers\User))
 4 SYSTEMPATH\CodeIgniter.php(368): CodeIgniter\CodeIgniter->handleRequest(null, Object(Config\Cache), false)
 5 FCPATH\index.php(67): CodeIgniter\CodeIgniter->run()
 6 SYSTEMPATH\Commands\Server\rewrite.php(47): require_once('D:\\Kuliah\\Semester 8\\PA Falah\\alexanet_appv1\\public\\index.php')
CRITICAL - 2023-06-07 16:46:10 --> Undefined array key "invoice"
in APPPATH\Views\admin\pesan\list_pesan_upgrade.php on line 45.
 1 APPPATH\Views\admin\pesan\list_pesan_upgrade.php(45): CodeIgniter\Debug\Exceptions->errorHandler(2, 'Undefined array key "invoice"', 'D:\\Kuliah\\Semester 8\\PA Falah\\alexanet_appv1\\app\\Views\\admin\\pesan\\list_pesan_upgrade.php', 45)
 2 SYSTEMPATH\View\View.php(213): include('D:\\Kuliah\\Semester 8\\PA Falah\\alexanet_appv1\\app\\Views\\admin\\pesan\\list_pesan_upgrade.php')
 3 SYSTEMPATH\View\View.php(216): CodeIgniter\View\View->CodeIgniter\View\{closure}()
 4 SYSTEMPATH\Common.php(1184): CodeIgniter\View\View->render('admin/pesan/list_pesan_upgrade.php', [], true)
 5 APPPATH\Controllers\Pesan.php(70): view('admin/pesan/list_pesan_upgrade.php', [...])
 6 SYSTEMPATH\CodeIgniter.php(934): App\Controllers\Pesan->listPesan('upgrade')
 7 SYSTEMPATH\CodeIgniter.php(499): CodeIgniter\CodeIgniter->runController(Object(App\Controllers\Pesan))
 8 SYSTEMPATH\CodeIgniter.php(368): CodeIgniter\CodeIgniter->handleRequest(null, Object(Config\Cache), false)
 9 FCPATH\index.php(67): CodeIgniter\CodeIgniter->run()
10 SYSTEMPATH\Commands\Server\rewrite.php(47): require_once('D:\\Kuliah\\Semester 8\\PA Falah\\alexanet_appv1\\public\\index.php')
CRITICAL - 2023-06-07 16:47:40 --> Undefined array key "invoice"
in APPPATH\Views\admin\pesan\list_pesan_upgrade.php on line 61.
 1 APPPATH\Views\admin\pesan\list_pesan_upgrade.php(61): CodeIgniter\Debug\Exceptions->errorHandler(2, 'Undefined array key "invoice"', 'D:\\Kuliah\\Semester 8\\PA Falah\\alexanet_appv1\\app\\Views\\admin\\pesan\\list_pesan_upgrade.php', 61)
 2 SYSTEMPATH\View\View.php(213): include('D:\\Kuliah\\Semester 8\\PA Falah\\alexanet_appv1\\app\\Views\\admin\\pesan\\list_pesan_upgrade.php')
 3 SYSTEMPATH\View\View.php(216): CodeIgniter\View\View->CodeIgniter\View\{closure}()
 4 SYSTEMPATH\Common.php(1184): CodeIgniter\View\View->render('admin/pesan/list_pesan_upgrade.php', [], true)
 5 APPPATH\Controllers\Pesan.php(70): view('admin/pesan/list_pesan_upgrade.php', [...])
 6 SYSTEMPATH\CodeIgniter.php(934): App\Controllers\Pesan->listPesan('upgrade')
 7 SYSTEMPATH\CodeIgniter.php(499): CodeIgniter\CodeIgniter->runController(Object(App\Controllers\Pesan))
 8 SYSTEMPATH\CodeIgniter.php(368): CodeIgniter\CodeIgniter->handleRequest(null, Object(Config\Cache), false)
 9 FCPATH\index.php(67): CodeIgniter\CodeIgniter->run()
10 SYSTEMPATH\Commands\Server\rewrite.php(47): require_once('D:\\Kuliah\\Semester 8\\PA Falah\\alexanet_appv1\\public\\index.php')
CRITICAL - 2023-06-07 16:49:28 --> Object of class stdClass could not be converted to string
in APPPATH\Views\admin\pesan\list_pesan_upgrade.php on line 75.
 1 SYSTEMPATH\View\View.php(213): include()
 2 SYSTEMPATH\View\View.php(216): CodeIgniter\View\View->CodeIgniter\View\{closure}()
 3 SYSTEMPATH\Common.php(1184): CodeIgniter\View\View->render('admin/pesan/list_pesan_upgrade.php', [], true)
 4 APPPATH\Controllers\Pesan.php(70): view('admin/pesan/list_pesan_upgrade.php', [...])
 5 SYSTEMPATH\CodeIgniter.php(934): App\Controllers\Pesan->listPesan('upgrade')
 6 SYSTEMPATH\CodeIgniter.php(499): CodeIgniter\CodeIgniter->runController(Object(App\Controllers\Pesan))
 7 SYSTEMPATH\CodeIgniter.php(368): CodeIgniter\CodeIgniter->handleRequest(null, Object(Config\Cache), false)
 8 FCPATH\index.php(67): CodeIgniter\CodeIgniter->run()
 9 SYSTEMPATH\Commands\Server\rewrite.php(47): require_once('D:\\Kuliah\\Semester 8\\PA Falah\\alexanet_appv1\\public\\index.php')
CRITICAL - 2023-06-07 16:50:47 --> Cannot access offset of type string on string
in APPPATH\Views\admin\pesan\list_pesan_upgrade.php on line 75.
 1 SYSTEMPATH\View\View.php(213): include()
 2 SYSTEMPATH\View\View.php(216): CodeIgniter\View\View->CodeIgniter\View\{closure}()
 3 SYSTEMPATH\Common.php(1184): CodeIgniter\View\View->render('admin/pesan/list_pesan_upgrade.php', [], true)
 4 APPPATH\Controllers\Pesan.php(70): view('admin/pesan/list_pesan_upgrade.php', [...])
 5 SYSTEMPATH\CodeIgniter.php(934): App\Controllers\Pesan->listPesan('upgrade')
 6 SYSTEMPATH\CodeIgniter.php(499): CodeIgniter\CodeIgniter->runController(Object(App\Controllers\Pesan))
 7 SYSTEMPATH\CodeIgniter.php(368): CodeIgniter\CodeIgniter->handleRequest(null, Object(Config\Cache), false)
 8 FCPATH\index.php(67): CodeIgniter\CodeIgniter->run()
 9 SYSTEMPATH\Commands\Server\rewrite.php(47): require_once('D:\\Kuliah\\Semester 8\\PA Falah\\alexanet_appv1\\public\\index.php')
CRITICAL - 2023-06-07 16:51:02 --> Cannot access offset of type string on string
in APPPATH\Views\admin\pesan\list_pesan_upgrade.php on line 75.
 1 SYSTEMPATH\View\View.php(213): include()
 2 SYSTEMPATH\View\View.php(216): CodeIgniter\View\View->CodeIgniter\View\{closure}()
 3 SYSTEMPATH\Common.php(1184): CodeIgniter\View\View->render('admin/pesan/list_pesan_upgrade.php', [], true)
 4 APPPATH\Controllers\Pesan.php(70): view('admin/pesan/list_pesan_upgrade.php', [...])
 5 SYSTEMPATH\CodeIgniter.php(934): App\Controllers\Pesan->listPesan('upgrade')
 6 SYSTEMPATH\CodeIgniter.php(499): CodeIgniter\CodeIgniter->runController(Object(App\Controllers\Pesan))
 7 SYSTEMPATH\CodeIgniter.php(368): CodeIgniter\CodeIgniter->handleRequest(null, Object(Config\Cache), false)
 8 FCPATH\index.php(67): CodeIgniter\CodeIgniter->run()
 9 SYSTEMPATH\Commands\Server\rewrite.php(47): require_once('D:\\Kuliah\\Semester 8\\PA Falah\\alexanet_appv1\\public\\index.php')
ERROR - 2023-06-07 16:56:27 --> mysqli_sql_exception: Unknown column '$.paket' in 'field list' in D:\Kuliah\Semester 8\PA Falah\alexanet_appv1\system\Database\MySQLi\Connection.php:295
Stack trace:
#0 D:\Kuliah\Semester 8\PA Falah\alexanet_appv1\system\Database\MySQLi\Connection.php(295): mysqli->query('SELECT JSON_EXT...', 0)
#1 D:\Kuliah\Semester 8\PA Falah\alexanet_appv1\system\Database\BaseConnection.php(692): CodeIgniter\Database\MySQLi\Connection->execute('SELECT JSON_EXT...')
#2 D:\Kuliah\Semester 8\PA Falah\alexanet_appv1\system\Database\BaseConnection.php(606): CodeIgniter\Database\BaseConnection->simpleQuery('SELECT JSON_EXT...')
#3 D:\Kuliah\Semester 8\PA Falah\alexanet_appv1\app\Controllers\Pesan.php(47): CodeIgniter\Database\BaseConnection->query('SELECT JSON_EXT...')
#4 D:\Kuliah\Semester 8\PA Falah\alexanet_appv1\system\CodeIgniter.php(934): App\Controllers\Pesan->listPesan('upgrade')
#5 D:\Kuliah\Semester 8\PA Falah\alexanet_appv1\system\CodeIgniter.php(499): CodeIgniter\CodeIgniter->runController(Object(App\Controllers\Pesan))
#6 D:\Kuliah\Semester 8\PA Falah\alexanet_appv1\system\CodeIgniter.php(368): CodeIgniter\CodeIgniter->handleRequest(NULL, Object(Config\Cache), false)
#7 D:\Kuliah\Semester 8\PA Falah\alexanet_appv1\public\index.php(67): CodeIgniter\CodeIgniter->run()
#8 D:\Kuliah\Semester 8\PA Falah\alexanet_appv1\system\Commands\Server\rewrite.php(47): require_once('D:\\Kuliah\\Semes...')
#9 {main}
CRITICAL - 2023-06-07 16:56:27 --> Unknown column '$.paket' in 'field list'
in SYSTEMPATH\Database\MySQLi\Connection.php on line 295.
 1 SYSTEMPATH\Database\MySQLi\Connection.php(295): mysqli->query('SELECT JSON_EXTRACT(messages.keterangan, $.paket) AS up_pkg, members.*, packets.*, customers.* 
                FROM messages, members, packets, customers 
                WHERE messages.member_id=members.id 
                AND members.customer_id=customers.customer_id 
                AND members.packet_id=packets.packet_code 
                AND messages.jenis_pesan=\'upgrade\' 
                AND messages.status=\'unread\'', 0)
 2 SYSTEMPATH\Database\BaseConnection.php(692): CodeIgniter\Database\MySQLi\Connection->execute('SELECT JSON_EXTRACT(messages.keterangan, $.paket) AS up_pkg, members.*, packets.*, customers.* 
                FROM messages, members, packets, customers 
                WHERE messages.member_id=members.id 
                AND members.customer_id=customers.customer_id 
                AND members.packet_id=packets.packet_code 
                AND messages.jenis_pesan=\'upgrade\' 
                AND messages.status=\'unread\'')
 3 SYSTEMPATH\Database\BaseConnection.php(606): CodeIgniter\Database\BaseConnection->simpleQuery('SELECT JSON_EXTRACT(messages.keterangan, $.paket) AS up_pkg, members.*, packets.*, customers.* 
                FROM messages, members, packets, customers 
                WHERE messages.member_id=members.id 
                AND members.customer_id=customers.customer_id 
                AND members.packet_id=packets.packet_code 
                AND messages.jenis_pesan=\'upgrade\' 
                AND messages.status=\'unread\'')
 4 APPPATH\Controllers\Pesan.php(47): CodeIgniter\Database\BaseConnection->query('SELECT JSON_EXTRACT(messages.keterangan, $.paket) AS up_pkg, members.*, packets.*, customers.* 
                FROM messages, members, packets, customers 
                WHERE messages.member_id=members.id 
                AND members.customer_id=customers.customer_id 
                AND members.packet_id=packets.packet_code 
                AND messages.jenis_pesan=\'upgrade\' 
                AND messages.status=\'unread\'')
 5 SYSTEMPATH\CodeIgniter.php(934): App\Controllers\Pesan->listPesan('upgrade')
 6 SYSTEMPATH\CodeIgniter.php(499): CodeIgniter\CodeIgniter->runController(Object(App\Controllers\Pesan))
 7 SYSTEMPATH\CodeIgniter.php(368): CodeIgniter\CodeIgniter->handleRequest(null, Object(Config\Cache), false)
 8 FCPATH\index.php(67): CodeIgniter\CodeIgniter->run()
 9 SYSTEMPATH\Commands\Server\rewrite.php(47): require_once('D:\\Kuliah\\Semester 8\\PA Falah\\alexanet_appv1\\public\\index.php')
