CRITICAL - 2023-06-05 07:14:24 --> Call to undefined method App\Models\UserModel::getArray
in SYSTEMPATH\Model.php on line 842.
 1 APPPATH\Controllers\Auth.php(29): CodeIgniter\Model->__call('getArray', [])
 2 SYSTEMPATH\CodeIgniter.php(934): App\Controllers\Auth->login()
 3 SYSTEMPATH\CodeIgniter.php(499): CodeIgniter\CodeIgniter->runController(Object(App\Controllers\Auth))
 4 SYSTEMPATH\CodeIgniter.php(368): CodeIgniter\CodeIgniter->handleRequest(null, Object(Config\Cache), false)
 5 FCPATH\index.php(67): CodeIgniter\CodeIgniter->run()
 6 SYSTEMPATH\Commands\Server\rewrite.php(47): require_once('D:\\Kuliah\\Semester 8\\PA Falah\\alexanet_appv1\\public\\index.php')
CRITICAL - 2023-06-05 07:19:07 --> Undefined array key "username"
in APPPATH\Controllers\Auth.php on line 36.
 1 APPPATH\Controllers\Auth.php(36): CodeIgniter\Debug\Exceptions->errorHandler(2, 'Undefined array key "username"', 'D:\\Kuliah\\Semester 8\\PA Falah\\alexanet_appv1\\app\\Controllers\\Auth.php', 36)
 2 SYSTEMPATH\CodeIgniter.php(934): App\Controllers\Auth->login()
 3 SYSTEMPATH\CodeIgniter.php(499): CodeIgniter\CodeIgniter->runController(Object(App\Controllers\Auth))
 4 SYSTEMPATH\CodeIgniter.php(368): CodeIgniter\CodeIgniter->handleRequest(null, Object(Config\Cache), false)
 5 FCPATH\index.php(67): CodeIgniter\CodeIgniter->run()
 6 SYSTEMPATH\Commands\Server\rewrite.php(47): require_once('D:\\Kuliah\\Semester 8\\PA Falah\\alexanet_appv1\\public\\index.php')
CRITICAL - 2023-06-05 07:20:25 --> Undefined array key "username"
in APPPATH\Controllers\Auth.php on line 36.
 1 APPPATH\Controllers\Auth.php(36): CodeIgniter\Debug\Exceptions->errorHandler(2, 'Undefined array key "username"', 'D:\\Kuliah\\Semester 8\\PA Falah\\alexanet_appv1\\app\\Controllers\\Auth.php', 36)
 2 SYSTEMPATH\CodeIgniter.php(934): App\Controllers\Auth->login()
 3 SYSTEMPATH\CodeIgniter.php(499): CodeIgniter\CodeIgniter->runController(Object(App\Controllers\Auth))
 4 SYSTEMPATH\CodeIgniter.php(368): CodeIgniter\CodeIgniter->handleRequest(null, Object(Config\Cache), false)
 5 FCPATH\index.php(67): CodeIgniter\CodeIgniter->run()
 6 SYSTEMPATH\Commands\Server\rewrite.php(47): require_once('D:\\Kuliah\\Semester 8\\PA Falah\\alexanet_appv1\\public\\index.php')
CRITICAL - 2023-06-05 07:21:36 --> Undefined array key "username"
in APPPATH\Controllers\Auth.php on line 34.
 1 APPPATH\Controllers\Auth.php(34): CodeIgniter\Debug\Exceptions->errorHandler(2, 'Undefined array key "username"', 'D:\\Kuliah\\Semester 8\\PA Falah\\alexanet_appv1\\app\\Controllers\\Auth.php', 34)
 2 SYSTEMPATH\CodeIgniter.php(934): App\Controllers\Auth->login()
 3 SYSTEMPATH\CodeIgniter.php(499): CodeIgniter\CodeIgniter->runController(Object(App\Controllers\Auth))
 4 SYSTEMPATH\CodeIgniter.php(368): CodeIgniter\CodeIgniter->handleRequest(null, Object(Config\Cache), false)
 5 FCPATH\index.php(67): CodeIgniter\CodeIgniter->run()
 6 SYSTEMPATH\Commands\Server\rewrite.php(47): require_once('D:\\Kuliah\\Semester 8\\PA Falah\\alexanet_appv1\\public\\index.php')
CRITICAL - 2023-06-05 08:02:22 --> Undefined variable $msg
in APPPATH\Views\auth\login.php on line 55.
 1 APPPATH\Views\auth\login.php(55): CodeIgniter\Debug\Exceptions->errorHandler(2, 'Undefined variable $msg', 'D:\\Kuliah\\Semester 8\\PA Falah\\alexanet_appv1\\app\\Views\\auth\\login.php', 55)
 2 SYSTEMPATH\View\View.php(213): include('D:\\Kuliah\\Semester 8\\PA Falah\\alexanet_appv1\\app\\Views\\auth\\login.php')
 3 SYSTEMPATH\View\View.php(216): CodeIgniter\View\View->CodeIgniter\View\{closure}()
 4 SYSTEMPATH\Common.php(1184): CodeIgniter\View\View->render('auth/login.php', [], true)
 5 APPPATH\Controllers\Auth.php(19): view('auth/login.php')
 6 SYSTEMPATH\CodeIgniter.php(934): App\Controllers\Auth->index()
 7 SYSTEMPATH\CodeIgniter.php(499): CodeIgniter\CodeIgniter->runController(Object(App\Controllers\Auth))
 8 SYSTEMPATH\CodeIgniter.php(368): CodeIgniter\CodeIgniter->handleRequest(null, Object(Config\Cache), false)
 9 FCPATH\index.php(67): CodeIgniter\CodeIgniter->run()
10 SYSTEMPATH\Commands\Server\rewrite.php(47): require_once('D:\\Kuliah\\Semester 8\\PA Falah\\alexanet_appv1\\public\\index.php')
CRITICAL - 2023-06-05 08:09:12 --> Cannot use isset() on the result of an expression (you can use "null !== expression" instead)
in APPPATH\Views\auth\login.php on line 58.
 1 [internal function]: CodeIgniter\Debug\Exceptions->shutdownHandler()
CRITICAL - 2023-06-05 08:13:05 --> 'break' not in the 'loop' or 'switch' context
in APPPATH\Controllers\Auth.php on line 46.
 1 [internal function]: CodeIgniter\Debug\Exceptions->shutdownHandler()
CRITICAL - 2023-06-05 09:23:54 --> Undefined array key "user_id"
in APPPATH\Views\admin\pesan\list_pesan_pemasangan.php on line 104.
 1 APPPATH\Views\admin\pesan\list_pesan_pemasangan.php(104): CodeIgniter\Debug\Exceptions->errorHandler(2, 'Undefined array key "user_id"', 'D:\\Kuliah\\Semester 8\\PA Falah\\alexanet_appv1\\app\\Views\\admin\\pesan\\list_pesan_pemasangan.php', 104)
 2 SYSTEMPATH\View\View.php(213): include('D:\\Kuliah\\Semester 8\\PA Falah\\alexanet_appv1\\app\\Views\\admin\\pesan\\list_pesan_pemasangan.php')
 3 SYSTEMPATH\View\View.php(216): CodeIgniter\View\View->CodeIgniter\View\{closure}()
 4 SYSTEMPATH\Common.php(1184): CodeIgniter\View\View->render('admin/pesan/list_pesan_pemasangan.php', [], true)
 5 APPPATH\Controllers\Pesan.php(39): view('admin/pesan/list_pesan_pemasangan.php', [...])
 6 SYSTEMPATH\CodeIgniter.php(934): App\Controllers\Pesan->listPesan('pemasangan')
 7 SYSTEMPATH\CodeIgniter.php(499): CodeIgniter\CodeIgniter->runController(Object(App\Controllers\Pesan))
 8 SYSTEMPATH\CodeIgniter.php(368): CodeIgniter\CodeIgniter->handleRequest(null, Object(Config\Cache), false)
 9 FCPATH\index.php(67): CodeIgniter\CodeIgniter->run()
10 SYSTEMPATH\Commands\Server\rewrite.php(47): require_once('D:\\Kuliah\\Semester 8\\PA Falah\\alexanet_appv1\\public\\index.php')
CRITICAL - 2023-06-05 09:57:50 --> Undefined variable $premis
in APPPATH\Views\admin\member\index.php on line 40.
 1 APPPATH\Views\admin\member\index.php(40): CodeIgniter\Debug\Exceptions->errorHandler(2, 'Undefined variable $premis', 'D:\\Kuliah\\Semester 8\\PA Falah\\alexanet_appv1\\app\\Views\\admin\\member\\index.php', 40)
 2 SYSTEMPATH\View\View.php(213): include('D:\\Kuliah\\Semester 8\\PA Falah\\alexanet_appv1\\app\\Views\\admin\\member\\index.php')
 3 SYSTEMPATH\View\View.php(216): CodeIgniter\View\View->CodeIgniter\View\{closure}()
 4 SYSTEMPATH\Common.php(1184): CodeIgniter\View\View->render('admin/member/index.php', [], true)
 5 APPPATH\Controllers\Member.php(12): view('admin/member/index.php')
 6 SYSTEMPATH\CodeIgniter.php(934): App\Controllers\Member->index()
 7 SYSTEMPATH\CodeIgniter.php(499): CodeIgniter\CodeIgniter->runController(Object(App\Controllers\Member))
 8 SYSTEMPATH\CodeIgniter.php(368): CodeIgniter\CodeIgniter->handleRequest(null, Object(Config\Cache), false)
 9 FCPATH\index.php(67): CodeIgniter\CodeIgniter->run()
10 SYSTEMPATH\Commands\Server\rewrite.php(47): require_once('D:\\Kuliah\\Semester 8\\PA Falah\\alexanet_appv1\\public\\index.php')
